<?xml version="1.0" encoding="UTF-8"?>
<robot generator="Robot 7.2.2 (Python 3.13.2 on win32)" generated="2025-04-28T18:00:07.702177" rpa="false" schemaversion="5">
<suite id="s1" name="Login" source="C:\Users\saulo\projects\robotframework\serve-rest-front_RobotFramework\tests\login.robot">
<test id="s1-t1" name="Cadastrar um novo usuário e validar mensagem" line="9">
<kw name="Abrir o navegador" owner="HomePageKeywords">
<kw name="New Browser" owner="Browser">
<msg time="2025-04-28T18:00:08.533093" level="INFO">{"browser": "chromium", "headless": false, "chromiumSandbox": false, "devtools": false, "handleSIGHUP": true, "handleSIGINT": true, "handleSIGTERM": true, "slowMo": 0.0, "timeout": 30000.0, "tracesDir": "C:\\Users\\saulo\\projects\\robotframework\\serve-rest-front_RobotFramework\\tests\\browser\\traces\\temp\\5b662494-2d02-43ad-862b-45c5825ef5a5"}</msg>
<msg time="2025-04-28T18:00:08.612096" level="INFO">Starting Browser process C:\Users\saulo\AppData\Local\Programs\Python\Python313\Lib\site-packages\Browser\wrapper\index.js using port 60543</msg>
<msg time="2025-04-28T18:00:08.612232" level="INFO">Node startup parameters: ['node', 'C:\\Users\\saulo\\AppData\\Local\\Programs\\Python\\Python313\\Lib\\site-packages\\Browser\\wrapper\\index.js', '60543']</msg>
<msg time="2025-04-28T18:00:10.090023" level="INFO">Successfully created browser with options: {"browser":"chromium","headless":false,"chromiumSandbox":false,"devtools":false,"handleSIGHUP":true,"handleSIGINT":true,"handleSIGTERM":true,"slowMo":0,"timeout":30000,"tracesDir":"C:\\Users\\saulo\\projects\\robotframework\\serve-rest-front_RobotFramework\\tests\\browser\\traces\\temp\\5b662494-2d02-43ad-862b-45c5825ef5a5"}</msg>
<arg>browser=${BROWSER}</arg>
<arg>headless=${HEADLESS}</arg>
<tag>BrowserControl</tag>
<tag>Setter</tag>
<doc>Create a new playwright Browser with specified options.</doc>
<status status="PASS" start="2025-04-28T18:00:08.532237" elapsed="1.557985"/>
</kw>
<kw name="New Context" owner="Browser">
<msg time="2025-04-28T18:00:10.092713" level="INFO">{
  "acceptDownloads": true,
  "bypassCSP": false,
  "forcedColors": "none",
  "ignoreHTTPSErrors": false,
  "javaScriptEnabled": true,
  "offline": false,
  "reducedMotion": "no-preference",
  "serviceWorkers": "allow",
  "viewport": {
    "height": 800,
    "width": 1200
  }
}</msg>
<msg time="2025-04-28T18:00:10.116142" level="INFO">Successfully created context. </msg>
<msg time="2025-04-28T18:00:10.116231" level="INFO">{'acceptDownloads': True, 'bypassCSP': False, 'forcedColors': 'none', 'ignoreHTTPSErrors': False, 'javaScriptEnabled': True, 'offline': False, 'reducedMotion': 'no-preference', 'serviceWorkers': 'allow', 'viewport': {'height': 800, 'width': 1200}}</msg>
<arg>viewport={'width': 1200, 'height': 800}</arg>
<tag>BrowserControl</tag>
<tag>Setter</tag>
<doc>Create a new BrowserContext with specified options.</doc>
<status status="PASS" start="2025-04-28T18:00:10.090482" elapsed="0.025845"/>
</kw>
<status status="PASS" start="2025-04-28T18:00:08.531095" elapsed="1.585390"/>
</kw>
<kw name="Ir para o site Serve Rest Front" owner="HomePageKeywords">
<kw name="New Page" owner="Browser">
<msg time="2025-04-28T18:00:16.896277" level="INFO">Successfully initialized new page object and opened url: https://front.serverest.dev/</msg>
<arg>url=${SITE_SERVE_REST}</arg>
<tag>BrowserControl</tag>
<tag>Setter</tag>
<doc>Open a new Page.</doc>
<status status="PASS" start="2025-04-28T18:00:10.117440" elapsed="6.779115"/>
</kw>
<kw name="Get Title" owner="Browser">
<msg time="2025-04-28T18:00:16.907898" level="INFO">Title: 'Front - ServeRest'</msg>
<msg time="2025-04-28T18:00:16.908143" level="INFO">${title} = Front - ServeRest</msg>
<var>${title}</var>
<arg>==</arg>
<arg>Front - ServeRest</arg>
<tag>Assertion</tag>
<tag>Getter</tag>
<tag>PageContent</tag>
<doc>Returns the title of the current page.</doc>
<status status="PASS" start="2025-04-28T18:00:16.896811" elapsed="0.011374"/>
</kw>
<kw name="Log" owner="BuiltIn">
<msg time="2025-04-28T18:00:16.908998" level="INFO">Front - ServeRest</msg>
<arg>${title}</arg>
<doc>Logs the given message with the given level.</doc>
<status status="PASS" start="2025-04-28T18:00:16.908456" elapsed="0.000616"/>
</kw>
<status status="PASS" start="2025-04-28T18:00:10.116909" elapsed="6.792286"/>
</kw>
<kw name="Clicar no botão &quot;Cadastrar-se&quot;" owner="HomePageKeywords">
<kw name="Click" owner="Browser">
<msg time="2025-04-28T18:00:16.911055" level="INFO">Clicks the element 'css=a[data-testid='cadastrar']'.</msg>
<arg>css=a[data-testid='cadastrar']</arg>
<tag>PageContent</tag>
<tag>Setter</tag>
<doc>Simulates mouse click on the element found by ``selector``.</doc>
<status status="PASS" start="2025-04-28T18:00:16.910180" elapsed="0.223550"/>
</kw>
<status status="PASS" start="2025-04-28T18:00:16.909560" elapsed="0.224347"/>
</kw>
<kw name="Preencher o campo nome com &quot;Nome&quot;" owner="HomePageKeywords" source_name="Preencher o campo nome com &quot;${nome}&quot;">
<kw name="Fill Text" owner="Browser">
<msg time="2025-04-28T18:00:17.135330" level="INFO">Fills the text 'Nome' in the given field.</msg>
<arg>css=input[data-testid='nome']</arg>
<arg>${nome}</arg>
<tag>PageContent</tag>
<tag>Setter</tag>
<doc>Clears and fills the given ``txt`` into the text field found by ``selector``.</doc>
<status status="PASS" start="2025-04-28T18:00:17.134792" elapsed="0.020281"/>
</kw>
<status status="PASS" start="2025-04-28T18:00:17.134263" elapsed="0.021017"/>
</kw>
<kw name="Preencher o campo e-mail com ${email}" owner="HomePageKeywords" source_name="Preencher o campo e-mail com ${EMAIL_FAKER}">
<kw name="Email" owner="FakerLibrary">
<msg time="2025-04-28T18:00:17.157540" level="INFO">${EMAIL} = gespinoza@example.com</msg>
<var>${EMAIL}</var>
<status status="PASS" start="2025-04-28T18:00:17.156712" elapsed="0.000878"/>
</kw>
<kw name="Fill Text" owner="Browser">
<msg time="2025-04-28T18:00:17.158524" level="INFO">Fills the text 'gespinoza@example.com' in the given field.</msg>
<arg>css=input[data-testid='email']</arg>
<arg>${EMAIL}</arg>
<tag>PageContent</tag>
<tag>Setter</tag>
<doc>Clears and fills the given ``txt`` into the text field found by ``selector``.</doc>
<status status="PASS" start="2025-04-28T18:00:17.157796" elapsed="0.018978"/>
</kw>
<status status="PASS" start="2025-04-28T18:00:17.155922" elapsed="0.021039"/>
</kw>
<kw name="Preencher o campo senha com &quot;12345&quot;" owner="HomePageKeywords" source_name="Preencher o campo senha com &quot;${senha}&quot;">
<kw name="Fill Text" owner="Browser">
<msg time="2025-04-28T18:00:17.178856" level="INFO">Fills the text '12345' in the given field.</msg>
<arg>css=input[data-testid='password']</arg>
<arg>${senha}</arg>
<tag>PageContent</tag>
<tag>Setter</tag>
<doc>Clears and fills the given ``txt`` into the text field found by ``selector``.</doc>
<status status="PASS" start="2025-04-28T18:00:17.177948" elapsed="0.016696"/>
</kw>
<status status="PASS" start="2025-04-28T18:00:17.177352" elapsed="0.017491"/>
</kw>
<kw name="Selecionar o checkbox &quot;Cadastrar como administrador?&quot;" owner="HomePageKeywords">
<kw name="Check Checkbox" owner="Browser">
<arg>css=input[data-testid='checkbox']</arg>
<tag>PageContent</tag>
<tag>Setter</tag>
<doc>Checks the checkbox or selects radio button found by ``selector``.</doc>
<status status="PASS" start="2025-04-28T18:00:17.195837" elapsed="0.048511"/>
</kw>
<status status="PASS" start="2025-04-28T18:00:17.195236" elapsed="0.049303"/>
</kw>
<kw name="Clicar no botão &quot;Cadastrar&quot;" owner="HomePageKeywords">
<kw name="Click" owner="Browser">
<msg time="2025-04-28T18:00:17.246682" level="INFO">Clicks the element 'xpath=//*[@id="root"]//button &gt;&gt; text="Cadastrar"'.</msg>
<arg>xpath=//*[@id="root"]//button &gt;&gt; text="Cadastrar"</arg>
<tag>PageContent</tag>
<tag>Setter</tag>
<doc>Simulates mouse click on the element found by ``selector``.</doc>
<status status="PASS" start="2025-04-28T18:00:17.245771" elapsed="0.039214"/>
</kw>
<status status="PASS" start="2025-04-28T18:00:17.244907" elapsed="0.040302"/>
</kw>
<kw name="Então a mensagem &quot;Cadastro realizado com sucesso&quot; é exibida" owner="HomePageKeywords" source_name="Então a mensagem &quot;${mensagem}&quot; é exibida">
<kw name="Get Element" owner="Browser">
<msg time="2025-04-28T18:00:18.116834" level="INFO">Locator found successfully.</msg>
<msg time="2025-04-28T18:00:18.117126" level="INFO">${elemento} = //a[@class='alert-link']</msg>
<var>${elemento}</var>
<arg>//a[@class='alert-link']</arg>
<tag>Getter</tag>
<tag>PageContent</tag>
<doc>Returns a reference to a Playwright [https://playwright.dev/docs/api/class-locator|Locator].</doc>
<status status="PASS" start="2025-04-28T18:00:17.286969" elapsed="0.830195"/>
</kw>
<kw name="Get Text" owner="Browser">
<msg time="2025-04-28T18:00:18.143994" level="INFO">Text: 'Cadastro realizado com sucesso'</msg>
<msg time="2025-04-28T18:00:18.144151" level="INFO">${texto} = Cadastro realizado com sucesso</msg>
<var>${texto}</var>
<arg>${elemento}</arg>
<tag>Assertion</tag>
<tag>Getter</tag>
<tag>PageContent</tag>
<doc>Returns text attribute of the element found by ``selector``.</doc>
<status status="PASS" start="2025-04-28T18:00:18.117408" elapsed="0.026774"/>
</kw>
<kw name="Should Contain" owner="BuiltIn">
<arg>${texto}</arg>
<arg>${mensagem}</arg>
<doc>Fails if ``container`` does not contain ``item`` one or more times.</doc>
<status status="PASS" start="2025-04-28T18:00:18.144412" elapsed="0.000377"/>
</kw>
<kw name="Take Screenshot" owner="Browser">
<msg time="2025-04-28T18:00:18.333847" level="INFO" html="true">&lt;/td&gt;&lt;/tr&gt;&lt;tr&gt;&lt;td colspan="3"&gt;&lt;a href="browser/screenshot/robotframework-browser-screenshot-1.png" target="_blank"&gt;&lt;img src="browser/screenshot/robotframework-browser-screenshot-1.png" width="800px"/&gt;&lt;/a&gt;</msg>
<tag>PageContent</tag>
<doc>Takes a screenshot of the current window or element and saves it to disk.</doc>
<status status="PASS" start="2025-04-28T18:00:18.144923" elapsed="0.189140"/>
</kw>
<status status="PASS" start="2025-04-28T18:00:17.286056" elapsed="1.048146"/>
</kw>
<msg time="2025-04-28T18:00:18.337511" level="INFO">Set timeout to: 10000</msg>
<msg time="2025-04-28T18:00:18.350777" level="INFO">Switching context to context=bfdf390b-7c66-4c3d-83b8-f2c6e90a7f58 in CURRENT</msg>
<msg time="2025-04-28T18:00:18.362084" level="INFO">Successfully changed active context: context=bfdf390b-7c66-4c3d-83b8-f2c6e90a7f58</msg>
<msg time="2025-04-28T18:00:18.416518" level="INFO">Successfully closed Context</msg>
<status status="PASS" start="2025-04-28T18:00:08.530228" elapsed="9.804432"/>
</test>
<test id="s1-t2" name="Login com sucesso ao cadastrar um usuário" line="20">
<kw name="Abrir o navegador" owner="HomePageKeywords">
<kw name="New Browser" owner="Browser">
<msg time="2025-04-28T18:00:18.424905" level="INFO">Switching browser to browser=8b91717b-b81a-451f-8637-459bc2793acf</msg>
<msg time="2025-04-28T18:00:18.428471" level="INFO">Successfully changed active browser: browser=8b91717b-b81a-451f-8637-459bc2793acf</msg>
<msg time="2025-04-28T18:00:18.428632" level="INFO">Reusing existing browser with id: browser=8b91717b-b81a-451f-8637-459bc2793acf</msg>
<arg>browser=${BROWSER}</arg>
<arg>headless=${HEADLESS}</arg>
<tag>BrowserControl</tag>
<tag>Setter</tag>
<doc>Create a new playwright Browser with specified options.</doc>
<status status="PASS" start="2025-04-28T18:00:18.423728" elapsed="0.004982"/>
</kw>
<kw name="New Context" owner="Browser">
<msg time="2025-04-28T18:00:18.431080" level="INFO">{
  "acceptDownloads": true,
  "bypassCSP": false,
  "forcedColors": "none",
  "ignoreHTTPSErrors": false,
  "javaScriptEnabled": true,
  "offline": false,
  "reducedMotion": "no-preference",
  "serviceWorkers": "allow",
  "viewport": {
    "height": 800,
    "width": 1200
  }
}</msg>
<msg time="2025-04-28T18:00:18.443021" level="INFO">Successfully created context. </msg>
<msg time="2025-04-28T18:00:18.443162" level="INFO">{'acceptDownloads': True, 'bypassCSP': False, 'forcedColors': 'none', 'ignoreHTTPSErrors': False, 'javaScriptEnabled': True, 'offline': False, 'reducedMotion': 'no-preference', 'serviceWorkers': 'allow', 'viewport': {'height': 800, 'width': 1200}}</msg>
<arg>viewport={'width': 1200, 'height': 800}</arg>
<tag>BrowserControl</tag>
<tag>Setter</tag>
<doc>Create a new BrowserContext with specified options.</doc>
<status status="PASS" start="2025-04-28T18:00:18.429005" elapsed="0.014281"/>
</kw>
<status status="PASS" start="2025-04-28T18:00:18.422995" elapsed="0.020434"/>
</kw>
<kw name="Ir para o site Serve Rest Front" owner="HomePageKeywords">
<kw name="New Page" owner="Browser">
<msg time="2025-04-28T18:00:20.959906" level="INFO">Successfully initialized new page object and opened url: https://front.serverest.dev/</msg>
<arg>url=${SITE_SERVE_REST}</arg>
<tag>BrowserControl</tag>
<tag>Setter</tag>
<doc>Open a new Page.</doc>
<status status="PASS" start="2025-04-28T18:00:18.444256" elapsed="2.515936"/>
</kw>
<kw name="Get Title" owner="Browser">
<msg time="2025-04-28T18:00:20.968877" level="INFO">Title: 'Front - ServeRest'</msg>
<msg time="2025-04-28T18:00:20.969185" level="INFO">${title} = Front - ServeRest</msg>
<var>${title}</var>
<arg>==</arg>
<arg>Front - ServeRest</arg>
<tag>Assertion</tag>
<tag>Getter</tag>
<tag>PageContent</tag>
<doc>Returns the title of the current page.</doc>
<status status="PASS" start="2025-04-28T18:00:20.960456" elapsed="0.008772"/>
</kw>
<kw name="Log" owner="BuiltIn">
<msg time="2025-04-28T18:00:20.969989" level="INFO">Front - ServeRest</msg>
<arg>${title}</arg>
<doc>Logs the given message with the given level.</doc>
<status status="PASS" start="2025-04-28T18:00:20.969541" elapsed="0.000522"/>
</kw>
<status status="PASS" start="2025-04-28T18:00:18.443754" elapsed="2.526419"/>
</kw>
<kw name="Preencher os dados do novo usuário e cadastrar" owner="HomePageKeywords">
<kw name="Click" owner="Browser">
<msg time="2025-04-28T18:00:20.971858" level="INFO">Clicks the element 'css=a[data-testid='cadastrar']'.</msg>
<arg>css=a[data-testid='cadastrar']</arg>
<tag>PageContent</tag>
<tag>Setter</tag>
<doc>Simulates mouse click on the element found by ``selector``.</doc>
<status status="PASS" start="2025-04-28T18:00:20.971217" elapsed="0.200840"/>
</kw>
<kw name="Email" owner="FakerLibrary">
<msg time="2025-04-28T18:00:21.172911" level="INFO">${EMAIL} = julieharris@example.com</msg>
<var>${EMAIL}</var>
<status status="PASS" start="2025-04-28T18:00:21.172289" elapsed="0.000656"/>
</kw>
<kw name="Fill Text" owner="Browser">
<msg time="2025-04-28T18:00:21.173628" level="INFO">Fills the text 'Saulo Barros' in the given field.</msg>
<arg>css=input[data-testid='nome']</arg>
<arg>Saulo Barros</arg>
<tag>PageContent</tag>
<tag>Setter</tag>
<doc>Clears and fills the given ``txt`` into the text field found by ``selector``.</doc>
<status status="PASS" start="2025-04-28T18:00:21.173097" elapsed="0.015364"/>
</kw>
<kw name="Fill Text" owner="Browser">
<msg time="2025-04-28T18:00:21.189560" level="INFO">Fills the text 'julieharris@example.com' in the given field.</msg>
<arg>css=input[data-testid='email']</arg>
<arg>${EMAIL}</arg>
<tag>PageContent</tag>
<tag>Setter</tag>
<doc>Clears and fills the given ``txt`` into the text field found by ``selector``.</doc>
<status status="PASS" start="2025-04-28T18:00:21.188732" elapsed="0.018768"/>
</kw>
<kw name="Fill Text" owner="Browser">
<msg time="2025-04-28T18:00:21.208708" level="INFO">Fills the text '123456' in the given field.</msg>
<arg>css=input[data-testid='password']</arg>
<arg>123456</arg>
<tag>PageContent</tag>
<tag>Setter</tag>
<doc>Clears and fills the given ``txt`` into the text field found by ``selector``.</doc>
<status status="PASS" start="2025-04-28T18:00:21.207807" elapsed="0.013195"/>
</kw>
<kw name="Check Checkbox" owner="Browser">
<arg>css=input[data-testid='checkbox']</arg>
<tag>PageContent</tag>
<tag>Setter</tag>
<doc>Checks the checkbox or selects radio button found by ``selector``.</doc>
<status status="PASS" start="2025-04-28T18:00:21.221312" elapsed="0.036988"/>
</kw>
<kw name="Click" owner="Browser">
<msg time="2025-04-28T18:00:21.259307" level="INFO">Clicks the element 'xpath=//*[@id="root"]//button &gt;&gt; text="Cadastrar"'.</msg>
<arg>xpath=//*[@id="root"]//button &gt;&gt; text="Cadastrar"</arg>
<tag>PageContent</tag>
<tag>Setter</tag>
<doc>Simulates mouse click on the element found by ``selector``.</doc>
<status status="PASS" start="2025-04-28T18:00:21.258723" elapsed="0.044423"/>
</kw>
<status status="PASS" start="2025-04-28T18:00:20.970552" elapsed="0.332797"/>
</kw>
<kw name="Conferir usuário cadastrado com sucesso" owner="HomePageKeywords">
<kw name="Wait For Elements State" owner="Browser">
<msg time="2025-04-28T18:00:25.718761" level="INFO">Waited for Element with selector h1 at state visible</msg>
<arg>h1</arg>
<arg>visible</arg>
<tag>PageContent</tag>
<tag>Wait</tag>
<doc>Waits for the element found by ``selector`` to satisfy state option.</doc>
<status status="PASS" start="2025-04-28T18:00:21.304205" elapsed="4.414749"/>
</kw>
<kw name="Get Text" owner="Browser">
<msg time="2025-04-28T18:00:25.740911" level="INFO">Text: 'Bem Vindo Saulo Barros'</msg>
<arg>h1</arg>
<arg>==</arg>
<arg>Bem Vindo Saulo Barros</arg>
<tag>Assertion</tag>
<tag>Getter</tag>
<tag>PageContent</tag>
<doc>Returns text attribute of the element found by ``selector``.</doc>
<status status="PASS" start="2025-04-28T18:00:25.719163" elapsed="0.021884"/>
</kw>
<kw name="Get Element States" owner="Browser">
<msg time="2025-04-28T18:00:25.772935" level="INFO">States are: ['attached', 'visible', 'enabled', 'defocused']</msg>
<arg>css=button[data-testid='logout']</arg>
<arg>validate</arg>
<arg>value &amp; visible</arg>
<tag>Assertion</tag>
<tag>Getter</tag>
<tag>PageContent</tag>
<doc>Get the active states from the element found by ``selector``.</doc>
<status status="PASS" start="2025-04-28T18:00:25.741268" elapsed="0.031817"/>
</kw>
<status status="PASS" start="2025-04-28T18:00:21.303696" elapsed="4.469557"/>
</kw>
<msg time="2025-04-28T18:00:25.776581" level="INFO">Set timeout to: 10000</msg>
<msg time="2025-04-28T18:00:25.789945" level="INFO">Switching context to context=df269bc1-c017-47cb-8159-d91a686fb3ce in CURRENT</msg>
<msg time="2025-04-28T18:00:25.801571" level="INFO">Successfully changed active context: context=df269bc1-c017-47cb-8159-d91a686fb3ce</msg>
<msg time="2025-04-28T18:00:25.863043" level="INFO">Successfully closed Context</msg>
<status status="PASS" start="2025-04-28T18:00:18.417599" elapsed="7.355985"/>
</test>
<test id="s1-t3" name="Validar opções da navbar" line="26">
<kw name="Abrir o navegador" owner="HomePageKeywords">
<kw name="New Browser" owner="Browser">
<msg time="2025-04-28T18:00:25.868852" level="INFO">Switching browser to browser=8b91717b-b81a-451f-8637-459bc2793acf</msg>
<msg time="2025-04-28T18:00:25.872010" level="INFO">Successfully changed active browser: browser=8b91717b-b81a-451f-8637-459bc2793acf</msg>
<msg time="2025-04-28T18:00:25.872225" level="INFO">Reusing existing browser with id: browser=8b91717b-b81a-451f-8637-459bc2793acf</msg>
<arg>browser=${BROWSER}</arg>
<arg>headless=${HEADLESS}</arg>
<tag>BrowserControl</tag>
<tag>Setter</tag>
<doc>Create a new playwright Browser with specified options.</doc>
<status status="PASS" start="2025-04-28T18:00:25.868114" elapsed="0.004197"/>
</kw>
<kw name="New Context" owner="Browser">
<msg time="2025-04-28T18:00:25.874278" level="INFO">{
  "acceptDownloads": true,
  "bypassCSP": false,
  "forcedColors": "none",
  "ignoreHTTPSErrors": false,
  "javaScriptEnabled": true,
  "offline": false,
  "reducedMotion": "no-preference",
  "serviceWorkers": "allow",
  "viewport": {
    "height": 800,
    "width": 1200
  }
}</msg>
<msg time="2025-04-28T18:00:25.885610" level="INFO">Successfully created context. </msg>
<msg time="2025-04-28T18:00:25.885740" level="INFO">{'acceptDownloads': True, 'bypassCSP': False, 'forcedColors': 'none', 'ignoreHTTPSErrors': False, 'javaScriptEnabled': True, 'offline': False, 'reducedMotion': 'no-preference', 'serviceWorkers': 'allow', 'viewport': {'height': 800, 'width': 1200}}</msg>
<arg>viewport={'width': 1200, 'height': 800}</arg>
<tag>BrowserControl</tag>
<tag>Setter</tag>
<doc>Create a new BrowserContext with specified options.</doc>
<status status="PASS" start="2025-04-28T18:00:25.872561" elapsed="0.013298"/>
</kw>
<status status="PASS" start="2025-04-28T18:00:25.867557" elapsed="0.018469"/>
</kw>
<kw name="Ir para o site Serve Rest Front" owner="HomePageKeywords">
<kw name="New Page" owner="Browser">
<msg time="2025-04-28T18:00:28.365987" level="INFO">Successfully initialized new page object and opened url: https://front.serverest.dev/</msg>
<arg>url=${SITE_SERVE_REST}</arg>
<tag>BrowserControl</tag>
<tag>Setter</tag>
<doc>Open a new Page.</doc>
<status status="PASS" start="2025-04-28T18:00:25.886929" elapsed="2.479325"/>
</kw>
<kw name="Get Title" owner="Browser">
<msg time="2025-04-28T18:00:28.373449" level="INFO">Title: 'Front - ServeRest'</msg>
<msg time="2025-04-28T18:00:28.373627" level="INFO">${title} = Front - ServeRest</msg>
<var>${title}</var>
<arg>==</arg>
<arg>Front - ServeRest</arg>
<tag>Assertion</tag>
<tag>Getter</tag>
<tag>PageContent</tag>
<doc>Returns the title of the current page.</doc>
<status status="PASS" start="2025-04-28T18:00:28.366498" elapsed="0.007160"/>
</kw>
<kw name="Log" owner="BuiltIn">
<msg time="2025-04-28T18:00:28.374266" level="INFO">Front - ServeRest</msg>
<arg>${title}</arg>
<doc>Logs the given message with the given level.</doc>
<status status="PASS" start="2025-04-28T18:00:28.373858" elapsed="0.000460"/>
</kw>
<status status="PASS" start="2025-04-28T18:00:25.886414" elapsed="2.487981"/>
</kw>
<kw name="Preencher os dados do novo usuário e cadastrar" owner="HomePageKeywords">
<kw name="Click" owner="Browser">
<msg time="2025-04-28T18:00:28.375582" level="INFO">Clicks the element 'css=a[data-testid='cadastrar']'.</msg>
<arg>css=a[data-testid='cadastrar']</arg>
<tag>PageContent</tag>
<tag>Setter</tag>
<doc>Simulates mouse click on the element found by ``selector``.</doc>
<status status="PASS" start="2025-04-28T18:00:28.375082" elapsed="0.199750"/>
</kw>
<kw name="Email" owner="FakerLibrary">
<msg time="2025-04-28T18:00:28.575784" level="INFO">${EMAIL} = hwilliams@example.org</msg>
<var>${EMAIL}</var>
<status status="PASS" start="2025-04-28T18:00:28.575071" elapsed="0.000752"/>
</kw>
<kw name="Fill Text" owner="Browser">
<msg time="2025-04-28T18:00:28.576523" level="INFO">Fills the text 'Saulo Barros' in the given field.</msg>
<arg>css=input[data-testid='nome']</arg>
<arg>Saulo Barros</arg>
<tag>PageContent</tag>
<tag>Setter</tag>
<doc>Clears and fills the given ``txt`` into the text field found by ``selector``.</doc>
<status status="PASS" start="2025-04-28T18:00:28.575967" elapsed="0.015639"/>
</kw>
<kw name="Fill Text" owner="Browser">
<msg time="2025-04-28T18:00:28.592586" level="INFO">Fills the text 'hwilliams@example.org' in the given field.</msg>
<arg>css=input[data-testid='email']</arg>
<arg>${EMAIL}</arg>
<tag>PageContent</tag>
<tag>Setter</tag>
<doc>Clears and fills the given ``txt`` into the text field found by ``selector``.</doc>
<status status="PASS" start="2025-04-28T18:00:28.591901" elapsed="0.017825"/>
</kw>
<kw name="Fill Text" owner="Browser">
<msg time="2025-04-28T18:00:28.611078" level="INFO">Fills the text '123456' in the given field.</msg>
<arg>css=input[data-testid='password']</arg>
<arg>123456</arg>
<tag>PageContent</tag>
<tag>Setter</tag>
<doc>Clears and fills the given ``txt`` into the text field found by ``selector``.</doc>
<status status="PASS" start="2025-04-28T18:00:28.610074" elapsed="0.019628"/>
</kw>
<kw name="Check Checkbox" owner="Browser">
<arg>css=input[data-testid='checkbox']</arg>
<tag>PageContent</tag>
<tag>Setter</tag>
<doc>Checks the checkbox or selects radio button found by ``selector``.</doc>
<status status="PASS" start="2025-04-28T18:00:28.629961" elapsed="0.043264"/>
</kw>
<kw name="Click" owner="Browser">
<msg time="2025-04-28T18:00:28.674081" level="INFO">Clicks the element 'xpath=//*[@id="root"]//button &gt;&gt; text="Cadastrar"'.</msg>
<arg>xpath=//*[@id="root"]//button &gt;&gt; text="Cadastrar"</arg>
<tag>PageContent</tag>
<tag>Setter</tag>
<doc>Simulates mouse click on the element found by ``selector``.</doc>
<status status="PASS" start="2025-04-28T18:00:28.673455" elapsed="0.039971"/>
</kw>
<status status="PASS" start="2025-04-28T18:00:28.374699" elapsed="0.338869"/>
</kw>
<kw name="Conferir que é possível vizualizar as opções &quot;Home&quot;, &quot;Cadastrar Usuários&quot;, &quot;Listar Usuários&quot;, &quot;Cadastrar Produtos&quot;, &quot;Listar Produtos&quot; e &quot;Relatórios&quot;" owner="HomePageKeywords" source_name="Conferir que é possível vizualizar as opções &quot;${option1}&quot;, &quot;${option2}&quot;, &quot;${option3}&quot;, &quot;${option4}&quot;, &quot;${option5}&quot; e &quot;${option6}&quot;">
<kw name="Get Element" owner="Browser">
<msg time="2025-04-28T18:00:33.103515" level="INFO">Locator found successfully.</msg>
<msg time="2025-04-28T18:00:33.103770" level="INFO">${elemento} = //a[@data-testid='home']</msg>
<var>${elemento}</var>
<arg>//a[@data-testid='home']</arg>
<tag>Getter</tag>
<tag>PageContent</tag>
<doc>Returns a reference to a Playwright [https://playwright.dev/docs/api/class-locator|Locator].</doc>
<status status="PASS" start="2025-04-28T18:00:28.714511" elapsed="4.389290"/>
</kw>
<kw name="Get Text" owner="Browser">
<msg time="2025-04-28T18:00:33.125546" level="INFO">Text: 'Home'</msg>
<msg time="2025-04-28T18:00:33.125718" level="INFO">${texto} = Home</msg>
<var>${texto}</var>
<arg>${elemento}</arg>
<tag>Assertion</tag>
<tag>Getter</tag>
<tag>PageContent</tag>
<doc>Returns text attribute of the element found by ``selector``.</doc>
<status status="PASS" start="2025-04-28T18:00:33.103988" elapsed="0.021762"/>
</kw>
<kw name="Should Contain" owner="BuiltIn">
<arg>${texto}</arg>
<arg>${option1}</arg>
<doc>Fails if ``container`` does not contain ``item`` one or more times.</doc>
<status status="PASS" start="2025-04-28T18:00:33.125946" elapsed="0.000420"/>
</kw>
<kw name="Get Element" owner="Browser">
<msg time="2025-04-28T18:00:33.132029" level="INFO">Locator found successfully.</msg>
<msg time="2025-04-28T18:00:33.132372" level="INFO">${elemento} = //a[@data-testid='cadastrar-usuarios']</msg>
<var>${elemento}</var>
<arg>//a[@data-testid='cadastrar-usuarios']</arg>
<tag>Getter</tag>
<tag>PageContent</tag>
<doc>Returns a reference to a Playwright [https://playwright.dev/docs/api/class-locator|Locator].</doc>
<status status="PASS" start="2025-04-28T18:00:33.126526" elapsed="0.005888"/>
</kw>
<kw name="Get Text" owner="Browser">
<msg time="2025-04-28T18:00:33.145606" level="INFO">Text: 'Cadastrar Usuários'</msg>
<msg time="2025-04-28T18:00:33.145774" level="INFO">${texto} = Cadastrar Usuários</msg>
<var>${texto}</var>
<arg>${elemento}</arg>
<tag>Assertion</tag>
<tag>Getter</tag>
<tag>PageContent</tag>
<doc>Returns text attribute of the element found by ``selector``.</doc>
<status status="PASS" start="2025-04-28T18:00:33.132661" elapsed="0.013144"/>
</kw>
<kw name="Should Contain" owner="BuiltIn">
<arg>${texto}</arg>
<arg>${option2}</arg>
<doc>Fails if ``container`` does not contain ``item`` one or more times.</doc>
<status status="PASS" start="2025-04-28T18:00:33.146033" elapsed="0.000625"/>
</kw>
<kw name="Get Element" owner="Browser">
<msg time="2025-04-28T18:00:33.152308" level="INFO">Locator found successfully.</msg>
<msg time="2025-04-28T18:00:33.152541" level="INFO">${elemento} = //a[@data-testid='listar-usuarios']</msg>
<var>${elemento}</var>
<arg>//a[@data-testid='listar-usuarios']</arg>
<tag>Getter</tag>
<tag>PageContent</tag>
<doc>Returns a reference to a Playwright [https://playwright.dev/docs/api/class-locator|Locator].</doc>
<status status="PASS" start="2025-04-28T18:00:33.146882" elapsed="0.005690"/>
</kw>
<kw name="Get Text" owner="Browser">
<msg time="2025-04-28T18:00:33.165880" level="INFO">Text: 'Listar Usuários'</msg>
<msg time="2025-04-28T18:00:33.166077" level="INFO">${texto} = Listar Usuários</msg>
<var>${texto}</var>
<arg>${elemento}</arg>
<tag>Assertion</tag>
<tag>Getter</tag>
<tag>PageContent</tag>
<doc>Returns text attribute of the element found by ``selector``.</doc>
<status status="PASS" start="2025-04-28T18:00:33.152768" elapsed="0.013340"/>
</kw>
<kw name="Should Contain" owner="BuiltIn">
<arg>${texto}</arg>
<arg>${option3}</arg>
<doc>Fails if ``container`` does not contain ``item`` one or more times.</doc>
<status status="PASS" start="2025-04-28T18:00:33.166308" elapsed="0.000435"/>
</kw>
<kw name="Get Element" owner="Browser">
<msg time="2025-04-28T18:00:33.173099" level="INFO">Locator found successfully.</msg>
<msg time="2025-04-28T18:00:33.173574" level="INFO">${elemento} = //a[@data-testid='cadastrar-produtos']</msg>
<var>${elemento}</var>
<arg>//a[@data-testid='cadastrar-produtos']</arg>
<tag>Getter</tag>
<tag>PageContent</tag>
<doc>Returns a reference to a Playwright [https://playwright.dev/docs/api/class-locator|Locator].</doc>
<status status="PASS" start="2025-04-28T18:00:33.166870" elapsed="0.006755"/>
</kw>
<kw name="Get Text" owner="Browser">
<msg time="2025-04-28T18:00:33.189706" level="INFO">Text: 'Cadastrar Produtos'</msg>
<msg time="2025-04-28T18:00:33.189873" level="INFO">${texto} = Cadastrar Produtos</msg>
<var>${texto}</var>
<arg>${elemento}</arg>
<tag>Assertion</tag>
<tag>Getter</tag>
<tag>PageContent</tag>
<doc>Returns text attribute of the element found by ``selector``.</doc>
<status status="PASS" start="2025-04-28T18:00:33.173956" elapsed="0.015949"/>
</kw>
<kw name="Should Contain" owner="BuiltIn">
<arg>${texto}</arg>
<arg>${option4}</arg>
<doc>Fails if ``container`` does not contain ``item`` one or more times.</doc>
<status status="PASS" start="2025-04-28T18:00:33.190094" elapsed="0.000424"/>
</kw>
<kw name="Get Element" owner="Browser">
<msg time="2025-04-28T18:00:33.196070" level="INFO">Locator found successfully.</msg>
<msg time="2025-04-28T18:00:33.196320" level="INFO">${elemento} = //a[@data-testid='listar-produtos']</msg>
<var>${elemento}</var>
<arg>//a[@data-testid='listar-produtos']</arg>
<tag>Getter</tag>
<tag>PageContent</tag>
<doc>Returns a reference to a Playwright [https://playwright.dev/docs/api/class-locator|Locator].</doc>
<status status="PASS" start="2025-04-28T18:00:33.190643" elapsed="0.005708"/>
</kw>
<kw name="Get Text" owner="Browser">
<msg time="2025-04-28T18:00:33.210616" level="INFO">Text: 'Listar Produtos'</msg>
<msg time="2025-04-28T18:00:33.210835" level="INFO">${texto} = Listar Produtos</msg>
<var>${texto}</var>
<arg>${elemento}</arg>
<tag>Assertion</tag>
<tag>Getter</tag>
<tag>PageContent</tag>
<doc>Returns text attribute of the element found by ``selector``.</doc>
<status status="PASS" start="2025-04-28T18:00:33.196564" elapsed="0.014314"/>
</kw>
<kw name="Should Contain" owner="BuiltIn">
<arg>${texto}</arg>
<arg>${option5}</arg>
<doc>Fails if ``container`` does not contain ``item`` one or more times.</doc>
<status status="PASS" start="2025-04-28T18:00:33.211154" elapsed="0.000833"/>
</kw>
<kw name="Get Element" owner="Browser">
<msg time="2025-04-28T18:00:33.218139" level="INFO">Locator found successfully.</msg>
<msg time="2025-04-28T18:00:33.218387" level="INFO">${elemento} = //a[@data-testid='link-relatorios']</msg>
<var>${elemento}</var>
<arg>//a[@data-testid='link-relatorios']</arg>
<tag>Getter</tag>
<tag>PageContent</tag>
<doc>Returns a reference to a Playwright [https://playwright.dev/docs/api/class-locator|Locator].</doc>
<status status="PASS" start="2025-04-28T18:00:33.212210" elapsed="0.006209"/>
</kw>
<kw name="Get Text" owner="Browser">
<msg time="2025-04-28T18:00:33.234152" level="INFO">Text: 'Relatórios'</msg>
<msg time="2025-04-28T18:00:33.234355" level="INFO">${texto} = Relatórios</msg>
<var>${texto}</var>
<arg>${elemento}</arg>
<tag>Assertion</tag>
<tag>Getter</tag>
<tag>PageContent</tag>
<doc>Returns text attribute of the element found by ``selector``.</doc>
<status status="PASS" start="2025-04-28T18:00:33.218628" elapsed="0.015763"/>
</kw>
<kw name="Should Contain" owner="BuiltIn">
<arg>${texto}</arg>
<arg>${option6}</arg>
<doc>Fails if ``container`` does not contain ``item`` one or more times.</doc>
<status status="PASS" start="2025-04-28T18:00:33.234738" elapsed="0.000418"/>
</kw>
<kw name="Take Screenshot" owner="Browser">
<msg time="2025-04-28T18:00:33.351151" level="INFO" html="true">&lt;/td&gt;&lt;/tr&gt;&lt;tr&gt;&lt;td colspan="3"&gt;&lt;a href="browser/screenshot/robotframework-browser-screenshot-2.png" target="_blank"&gt;&lt;img src="browser/screenshot/robotframework-browser-screenshot-2.png" width="800px"/&gt;&lt;/a&gt;</msg>
<tag>PageContent</tag>
<doc>Takes a screenshot of the current window or element and saves it to disk.</doc>
<status status="PASS" start="2025-04-28T18:00:33.235295" elapsed="0.116073"/>
</kw>
<status status="PASS" start="2025-04-28T18:00:28.713968" elapsed="4.637519"/>
</kw>
<msg time="2025-04-28T18:00:33.353867" level="INFO">Set timeout to: 10000</msg>
<msg time="2025-04-28T18:00:33.365573" level="INFO">Switching context to context=15b95f41-f1a0-40c2-9269-43af00a75558 in CURRENT</msg>
<msg time="2025-04-28T18:00:33.374604" level="INFO">Successfully changed active context: context=15b95f41-f1a0-40c2-9269-43af00a75558</msg>
<msg time="2025-04-28T18:00:33.424571" level="INFO">Successfully closed Context</msg>
<status status="PASS" start="2025-04-28T18:00:25.863822" elapsed="7.487897"/>
</test>
<status status="PASS" start="2025-04-28T18:00:07.704427" elapsed="25.721970"/>
</suite>
<statistics>
<total>
<stat pass="3" fail="0" skip="0">All Tests</stat>
</total>
<tag>
</tag>
<suite>
<stat name="Login" id="s1" pass="3" fail="0" skip="0">Login</stat>
</suite>
</statistics>
<errors>
</errors>
</robot>
