<?xml version="1.0" encoding="UTF-8"?>
<robot generator="Robot 7.2.2 (Python 3.13.2 on win32)" generated="2025-04-28T18:18:39.443049" rpa="false" schemaversion="5">
<suite id="s1" name="Login" source="C:\Users\saulo\projects\robotframework\serve-rest-front_RobotFramework\tests\login.robot">
<test id="s1-t1" name="Cadastrar um novo usuário e validar mensagem" line="9">
<kw name="Abrir o navegador" owner="HomePageKeywords">
<kw name="New Browser" owner="Browser">
<msg time="2025-04-28T18:18:40.415476" level="INFO">{"browser": "chromium", "headless": false, "chromiumSandbox": false, "devtools": false, "handleSIGHUP": true, "handleSIGINT": true, "handleSIGTERM": true, "slowMo": 0.0, "timeout": 30000.0, "tracesDir": "C:\\Users\\saulo\\projects\\robotframework\\serve-rest-front_RobotFramework\\results\\browser\\traces\\temp\\91783fed-e0fe-4375-9d78-9d6f2e43706c"}</msg>
<msg time="2025-04-28T18:18:40.468083" level="INFO">Starting Browser process C:\Users\saulo\AppData\Local\Programs\Python\Python313\Lib\site-packages\Browser\wrapper\index.js using port 54451</msg>
<msg time="2025-04-28T18:18:40.468253" level="INFO">Node startup parameters: ['node', 'C:\\Users\\saulo\\AppData\\Local\\Programs\\Python\\Python313\\Lib\\site-packages\\Browser\\wrapper\\index.js', '54451']</msg>
<msg time="2025-04-28T18:18:42.693491" level="INFO">Successfully created browser with options: {"browser":"chromium","headless":false,"chromiumSandbox":false,"devtools":false,"handleSIGHUP":true,"handleSIGINT":true,"handleSIGTERM":true,"slowMo":0,"timeout":30000,"tracesDir":"C:\\Users\\saulo\\projects\\robotframework\\serve-rest-front_RobotFramework\\results\\browser\\traces\\temp\\91783fed-e0fe-4375-9d78-9d6f2e43706c"}</msg>
<arg>browser=${BROWSER}</arg>
<arg>headless=${HEADLESS}</arg>
<tag>BrowserControl</tag>
<tag>Setter</tag>
<doc>Create a new playwright Browser with specified options.</doc>
<status status="PASS" start="2025-04-28T18:18:40.414125" elapsed="2.279651"/>
</kw>
<kw name="New Context" owner="Browser">
<msg time="2025-04-28T18:18:42.697537" level="INFO">{
  "acceptDownloads": true,
  "bypassCSP": false,
  "forcedColors": "none",
  "ignoreHTTPSErrors": false,
  "javaScriptEnabled": true,
  "offline": false,
  "reducedMotion": "no-preference",
  "serviceWorkers": "allow",
  "viewport": {
    "height": 800,
    "width": 1200
  }
}</msg>
<msg time="2025-04-28T18:18:42.717062" level="INFO">Successfully created context. </msg>
<msg time="2025-04-28T18:18:42.717216" level="INFO">{'acceptDownloads': True, 'bypassCSP': False, 'forcedColors': 'none', 'ignoreHTTPSErrors': False, 'javaScriptEnabled': True, 'offline': False, 'reducedMotion': 'no-preference', 'serviceWorkers': 'allow', 'viewport': {'height': 800, 'width': 1200}}</msg>
<arg>viewport={'width': 1200, 'height': 800}</arg>
<tag>BrowserControl</tag>
<tag>Setter</tag>
<doc>Create a new BrowserContext with specified options.</doc>
<status status="PASS" start="2025-04-28T18:18:42.694203" elapsed="0.023159"/>
</kw>
<status status="PASS" start="2025-04-28T18:18:40.412949" elapsed="2.304616"/>
</kw>
<kw name="Ir para o site Serve Rest Front" owner="HomePageKeywords">
<kw name="New Page" owner="Browser">
<msg time="2025-04-28T18:18:45.495932" level="INFO">Successfully initialized new page object and opened url: https://front.serverest.dev/</msg>
<arg>url=${SITE_SERVE_REST}</arg>
<tag>BrowserControl</tag>
<tag>Setter</tag>
<doc>Open a new Page.</doc>
<status status="PASS" start="2025-04-28T18:18:42.718904" elapsed="2.777376"/>
</kw>
<kw name="Get Title" owner="Browser">
<msg time="2025-04-28T18:18:45.510488" level="INFO">Title: 'Front - ServeRest'</msg>
<msg time="2025-04-28T18:18:45.511018" level="INFO">${title} = Front - ServeRest</msg>
<var>${title}</var>
<arg>==</arg>
<arg>Front - ServeRest</arg>
<tag>Assertion</tag>
<tag>Getter</tag>
<tag>PageContent</tag>
<doc>Returns the title of the current page.</doc>
<status status="PASS" start="2025-04-28T18:18:45.496610" elapsed="0.014562"/>
</kw>
<kw name="Log" owner="BuiltIn">
<msg time="2025-04-28T18:18:45.512618" level="INFO">Front - ServeRest</msg>
<arg>${title}</arg>
<doc>Logs the given message with the given level.</doc>
<status status="PASS" start="2025-04-28T18:18:45.511804" elapsed="0.000958"/>
</kw>
<status status="PASS" start="2025-04-28T18:18:42.718171" elapsed="2.794767"/>
</kw>
<kw name="Clicar no botão &quot;Cadastrar-se&quot;" owner="HomePageKeywords">
<kw name="Click" owner="Browser">
<msg time="2025-04-28T18:18:45.515230" level="INFO">Clicks the element 'css=a[data-testid='cadastrar']'.</msg>
<arg>css=a[data-testid='cadastrar']</arg>
<tag>PageContent</tag>
<tag>Setter</tag>
<doc>Simulates mouse click on the element found by ``selector``.</doc>
<status status="PASS" start="2025-04-28T18:18:45.514412" elapsed="0.250581"/>
</kw>
<status status="PASS" start="2025-04-28T18:18:45.513457" elapsed="0.251741"/>
</kw>
<kw name="Preencher o campo nome com &quot;Nome&quot;" owner="HomePageKeywords" source_name="Preencher o campo nome com &quot;${nome}&quot;">
<kw name="Fill Text" owner="Browser">
<msg time="2025-04-28T18:18:45.767043" level="INFO">Fills the text 'Nome' in the given field.</msg>
<arg>css=input[data-testid='nome']</arg>
<arg>${nome}</arg>
<tag>PageContent</tag>
<tag>Setter</tag>
<doc>Clears and fills the given ``txt`` into the text field found by ``selector``.</doc>
<status status="PASS" start="2025-04-28T18:18:45.766314" elapsed="0.020973"/>
</kw>
<status status="PASS" start="2025-04-28T18:18:45.765692" elapsed="0.021805"/>
</kw>
<kw name="Preencher o campo e-mail com ${email}" owner="HomePageKeywords" source_name="Preencher o campo e-mail com ${EMAIL_FAKER}">
<kw name="Email" owner="FakerLibrary">
<msg time="2025-04-28T18:18:45.789381" level="INFO">${EMAIL} = ulong@example.net</msg>
<var>${EMAIL}</var>
<status status="PASS" start="2025-04-28T18:18:45.788593" elapsed="0.000841"/>
</kw>
<kw name="Fill Text" owner="Browser">
<msg time="2025-04-28T18:18:45.790472" level="INFO">Fills the text 'ulong@example.net' in the given field.</msg>
<arg>css=input[data-testid='email']</arg>
<arg>${EMAIL}</arg>
<tag>PageContent</tag>
<tag>Setter</tag>
<doc>Clears and fills the given ``txt`` into the text field found by ``selector``.</doc>
<status status="PASS" start="2025-04-28T18:18:45.789614" elapsed="0.023138"/>
</kw>
<status status="PASS" start="2025-04-28T18:18:45.787960" elapsed="0.025003"/>
</kw>
<kw name="Preencher o campo senha com &quot;12345&quot;" owner="HomePageKeywords" source_name="Preencher o campo senha com &quot;${senha}&quot;">
<kw name="Fill Text" owner="Browser">
<msg time="2025-04-28T18:18:45.814733" level="INFO">Fills the text '12345' in the given field.</msg>
<arg>css=input[data-testid='password']</arg>
<arg>${senha}</arg>
<tag>PageContent</tag>
<tag>Setter</tag>
<doc>Clears and fills the given ``txt`` into the text field found by ``selector``.</doc>
<status status="PASS" start="2025-04-28T18:18:45.814055" elapsed="0.020000"/>
</kw>
<status status="PASS" start="2025-04-28T18:18:45.813390" elapsed="0.020829"/>
</kw>
<kw name="Selecionar o checkbox &quot;Cadastrar como administrador?&quot;" owner="HomePageKeywords">
<kw name="Check Checkbox" owner="Browser">
<arg>css=input[data-testid='checkbox']</arg>
<tag>PageContent</tag>
<tag>Setter</tag>
<doc>Checks the checkbox or selects radio button found by ``selector``.</doc>
<status status="PASS" start="2025-04-28T18:18:45.835259" elapsed="0.049024"/>
</kw>
<status status="PASS" start="2025-04-28T18:18:45.834604" elapsed="0.049977"/>
</kw>
<kw name="Clicar no botão &quot;Cadastrar&quot;" owner="HomePageKeywords">
<kw name="Click" owner="Browser">
<msg time="2025-04-28T18:18:45.887035" level="INFO">Clicks the element 'xpath=//*[@id="root"]//button &gt;&gt; text="Cadastrar"'.</msg>
<arg>xpath=//*[@id="root"]//button &gt;&gt; text="Cadastrar"</arg>
<tag>PageContent</tag>
<tag>Setter</tag>
<doc>Simulates mouse click on the element found by ``selector``.</doc>
<status status="PASS" start="2025-04-28T18:18:45.886090" elapsed="0.042830"/>
</kw>
<status status="PASS" start="2025-04-28T18:18:45.885126" elapsed="0.043975"/>
</kw>
<kw name="Então a mensagem &quot;Cadastro realizado com sucesso&quot; é exibida" owner="HomePageKeywords" source_name="Então a mensagem &quot;${mensagem}&quot; é exibida">
<kw name="Get Element" owner="Browser">
<msg time="2025-04-28T18:18:46.764627" level="INFO">Locator found successfully.</msg>
<msg time="2025-04-28T18:18:46.765052" level="INFO">${elemento} = //a[@class='alert-link']</msg>
<var>${elemento}</var>
<arg>//a[@class='alert-link']</arg>
<tag>Getter</tag>
<tag>PageContent</tag>
<doc>Returns a reference to a Playwright [https://playwright.dev/docs/api/class-locator|Locator].</doc>
<status status="PASS" start="2025-04-28T18:18:45.930560" elapsed="0.834557"/>
</kw>
<kw name="Get Text" owner="Browser">
<msg time="2025-04-28T18:18:46.795533" level="INFO">Text: 'Cadastro realizado com sucesso'</msg>
<msg time="2025-04-28T18:18:46.795753" level="INFO">${texto} = Cadastro realizado com sucesso</msg>
<var>${texto}</var>
<arg>${elemento}</arg>
<tag>Assertion</tag>
<tag>Getter</tag>
<tag>PageContent</tag>
<doc>Returns text attribute of the element found by ``selector``.</doc>
<status status="PASS" start="2025-04-28T18:18:46.765430" elapsed="0.030405"/>
</kw>
<kw name="Should Contain" owner="BuiltIn">
<arg>${texto}</arg>
<arg>${mensagem}</arg>
<doc>Fails if ``container`` does not contain ``item`` one or more times.</doc>
<status status="PASS" start="2025-04-28T18:18:46.796116" elapsed="0.000598"/>
</kw>
<kw name="Take Screenshot" owner="Browser">
<msg time="2025-04-28T18:18:46.987460" level="INFO" html="true">&lt;/td&gt;&lt;/tr&gt;&lt;tr&gt;&lt;td colspan="3"&gt;&lt;a href="browser/screenshot/robotframework-browser-screenshot-1.png" target="_blank"&gt;&lt;img src="browser/screenshot/robotframework-browser-screenshot-1.png" width="800px"/&gt;&lt;/a&gt;</msg>
<tag>PageContent</tag>
<doc>Takes a screenshot of the current window or element and saves it to disk.</doc>
<status status="PASS" start="2025-04-28T18:18:46.796982" elapsed="0.190706"/>
</kw>
<status status="PASS" start="2025-04-28T18:18:45.929795" elapsed="1.058032"/>
</kw>
<msg time="2025-04-28T18:18:46.991781" level="INFO">Set timeout to: 10000</msg>
<msg time="2025-04-28T18:18:47.005862" level="INFO">Switching context to context=c8d9eecc-cb5d-45a4-9c15-7c6ad6c929ee in CURRENT</msg>
<msg time="2025-04-28T18:18:47.016852" level="INFO">Successfully changed active context: context=c8d9eecc-cb5d-45a4-9c15-7c6ad6c929ee</msg>
<msg time="2025-04-28T18:18:47.067229" level="INFO">Successfully closed Context</msg>
<status status="PASS" start="2025-04-28T18:18:40.412034" elapsed="6.576251"/>
</test>
<test id="s1-t2" name="Login com sucesso ao cadastrar um usuário" line="20">
<kw name="Abrir o navegador" owner="HomePageKeywords">
<kw name="New Browser" owner="Browser">
<msg time="2025-04-28T18:18:47.074186" level="INFO">Switching browser to browser=0bf581db-a662-4be6-b429-5e09eeb0c434</msg>
<msg time="2025-04-28T18:18:47.077816" level="INFO">Successfully changed active browser: browser=0bf581db-a662-4be6-b429-5e09eeb0c434</msg>
<msg time="2025-04-28T18:18:47.078030" level="INFO">Reusing existing browser with id: browser=0bf581db-a662-4be6-b429-5e09eeb0c434</msg>
<arg>browser=${BROWSER}</arg>
<arg>headless=${HEADLESS}</arg>
<tag>BrowserControl</tag>
<tag>Setter</tag>
<doc>Create a new playwright Browser with specified options.</doc>
<status status="PASS" start="2025-04-28T18:18:47.073343" elapsed="0.004787"/>
</kw>
<kw name="New Context" owner="Browser">
<msg time="2025-04-28T18:18:47.080263" level="INFO">{
  "acceptDownloads": true,
  "bypassCSP": false,
  "forcedColors": "none",
  "ignoreHTTPSErrors": false,
  "javaScriptEnabled": true,
  "offline": false,
  "reducedMotion": "no-preference",
  "serviceWorkers": "allow",
  "viewport": {
    "height": 800,
    "width": 1200
  }
}</msg>
<msg time="2025-04-28T18:18:47.091198" level="INFO">Successfully created context. </msg>
<msg time="2025-04-28T18:18:47.091342" level="INFO">{'acceptDownloads': True, 'bypassCSP': False, 'forcedColors': 'none', 'ignoreHTTPSErrors': False, 'javaScriptEnabled': True, 'offline': False, 'reducedMotion': 'no-preference', 'serviceWorkers': 'allow', 'viewport': {'height': 800, 'width': 1200}}</msg>
<arg>viewport={'width': 1200, 'height': 800}</arg>
<tag>BrowserControl</tag>
<tag>Setter</tag>
<doc>Create a new BrowserContext with specified options.</doc>
<status status="PASS" start="2025-04-28T18:18:47.078452" elapsed="0.013022"/>
</kw>
<status status="PASS" start="2025-04-28T18:18:47.072750" elapsed="0.018901"/>
</kw>
<kw name="Ir para o site Serve Rest Front" owner="HomePageKeywords">
<kw name="New Page" owner="Browser">
<msg time="2025-04-28T18:18:54.087309" level="INFO">Successfully initialized new page object and opened url: https://front.serverest.dev/</msg>
<arg>url=${SITE_SERVE_REST}</arg>
<tag>BrowserControl</tag>
<tag>Setter</tag>
<doc>Open a new Page.</doc>
<status status="PASS" start="2025-04-28T18:18:47.092825" elapsed="6.995018"/>
</kw>
<kw name="Get Title" owner="Browser">
<msg time="2025-04-28T18:18:54.095969" level="INFO">Title: 'Front - ServeRest'</msg>
<msg time="2025-04-28T18:18:54.096137" level="INFO">${title} = Front - ServeRest</msg>
<var>${title}</var>
<arg>==</arg>
<arg>Front - ServeRest</arg>
<tag>Assertion</tag>
<tag>Getter</tag>
<tag>PageContent</tag>
<doc>Returns the title of the current page.</doc>
<status status="PASS" start="2025-04-28T18:18:54.088132" elapsed="0.008035"/>
</kw>
<kw name="Log" owner="BuiltIn">
<msg time="2025-04-28T18:18:54.096857" level="INFO">Front - ServeRest</msg>
<arg>${title}</arg>
<doc>Logs the given message with the given level.</doc>
<status status="PASS" start="2025-04-28T18:18:54.096359" elapsed="0.000553"/>
</kw>
<status status="PASS" start="2025-04-28T18:18:47.092126" elapsed="7.004868"/>
</kw>
<kw name="Preencher os dados do novo usuário e cadastrar" owner="HomePageKeywords">
<kw name="Click" owner="Browser">
<msg time="2025-04-28T18:18:54.098557" level="INFO">Clicks the element 'css=a[data-testid='cadastrar']'.</msg>
<arg>css=a[data-testid='cadastrar']</arg>
<tag>PageContent</tag>
<tag>Setter</tag>
<doc>Simulates mouse click on the element found by ``selector``.</doc>
<status status="PASS" start="2025-04-28T18:18:54.097946" elapsed="0.183548"/>
</kw>
<kw name="Email" owner="FakerLibrary">
<msg time="2025-04-28T18:18:54.282868" level="INFO">${EMAIL} = johnstonjoseph@example.net</msg>
<var>${EMAIL}</var>
<status status="PASS" start="2025-04-28T18:18:54.281796" elapsed="0.001151"/>
</kw>
<kw name="Fill Text" owner="Browser">
<msg time="2025-04-28T18:18:54.284115" level="INFO">Fills the text 'Saulo Barros' in the given field.</msg>
<arg>css=input[data-testid='nome']</arg>
<arg>Saulo Barros</arg>
<tag>PageContent</tag>
<tag>Setter</tag>
<doc>Clears and fills the given ``txt`` into the text field found by ``selector``.</doc>
<status status="PASS" start="2025-04-28T18:18:54.283215" elapsed="0.021501"/>
</kw>
<kw name="Fill Text" owner="Browser">
<msg time="2025-04-28T18:18:54.306013" level="INFO">Fills the text 'johnstonjoseph@example.net' in the given field.</msg>
<arg>css=input[data-testid='email']</arg>
<arg>${EMAIL}</arg>
<tag>PageContent</tag>
<tag>Setter</tag>
<doc>Clears and fills the given ``txt`` into the text field found by ``selector``.</doc>
<status status="PASS" start="2025-04-28T18:18:54.305063" elapsed="0.018095"/>
</kw>
<kw name="Fill Text" owner="Browser">
<msg time="2025-04-28T18:18:54.324343" level="INFO">Fills the text '123456' in the given field.</msg>
<arg>css=input[data-testid='password']</arg>
<arg>123456</arg>
<tag>PageContent</tag>
<tag>Setter</tag>
<doc>Clears and fills the given ``txt`` into the text field found by ``selector``.</doc>
<status status="PASS" start="2025-04-28T18:18:54.323476" elapsed="0.018201"/>
</kw>
<kw name="Check Checkbox" owner="Browser">
<arg>css=input[data-testid='checkbox']</arg>
<tag>PageContent</tag>
<tag>Setter</tag>
<doc>Checks the checkbox or selects radio button found by ``selector``.</doc>
<status status="PASS" start="2025-04-28T18:18:54.342004" elapsed="0.036895"/>
</kw>
<kw name="Click" owner="Browser">
<msg time="2025-04-28T18:18:54.379854" level="INFO">Clicks the element 'xpath=//*[@id="root"]//button &gt;&gt; text="Cadastrar"'.</msg>
<arg>xpath=//*[@id="root"]//button &gt;&gt; text="Cadastrar"</arg>
<tag>PageContent</tag>
<tag>Setter</tag>
<doc>Simulates mouse click on the element found by ``selector``.</doc>
<status status="PASS" start="2025-04-28T18:18:54.379218" elapsed="0.040822"/>
</kw>
<status status="PASS" start="2025-04-28T18:18:54.097407" elapsed="0.322769"/>
</kw>
<kw name="Conferir usuário cadastrado com sucesso" owner="HomePageKeywords">
<kw name="Wait For Elements State" owner="Browser">
<msg time="2025-04-28T18:18:58.819796" level="INFO">Waited for Element with selector h1 at state visible</msg>
<arg>h1</arg>
<arg>visible</arg>
<tag>PageContent</tag>
<tag>Wait</tag>
<doc>Waits for the element found by ``selector`` to satisfy state option.</doc>
<status status="PASS" start="2025-04-28T18:18:54.421136" elapsed="4.398855"/>
</kw>
<kw name="Get Text" owner="Browser">
<msg time="2025-04-28T18:18:58.843421" level="INFO">Text: 'Bem Vindo Saulo Barros'</msg>
<arg>h1</arg>
<arg>==</arg>
<arg>Bem Vindo Saulo Barros</arg>
<tag>Assertion</tag>
<tag>Getter</tag>
<tag>PageContent</tag>
<doc>Returns text attribute of the element found by ``selector``.</doc>
<status status="PASS" start="2025-04-28T18:18:58.820186" elapsed="0.023374"/>
</kw>
<kw name="Get Element States" owner="Browser">
<msg time="2025-04-28T18:18:58.877088" level="INFO">States are: ['attached', 'visible', 'enabled', 'defocused']</msg>
<arg>css=button[data-testid='logout']</arg>
<arg>validate</arg>
<arg>value &amp; visible</arg>
<tag>Assertion</tag>
<tag>Getter</tag>
<tag>PageContent</tag>
<doc>Get the active states from the element found by ``selector``.</doc>
<status status="PASS" start="2025-04-28T18:18:58.843771" elapsed="0.033459"/>
</kw>
<status status="PASS" start="2025-04-28T18:18:54.420486" elapsed="4.456945"/>
</kw>
<msg time="2025-04-28T18:18:58.880928" level="INFO">Set timeout to: 10000</msg>
<msg time="2025-04-28T18:18:58.892006" level="INFO">Switching context to context=f4e610cb-06aa-4b4e-8b4e-4e2912ae4758 in CURRENT</msg>
<msg time="2025-04-28T18:18:58.901349" level="INFO">Successfully changed active context: context=f4e610cb-06aa-4b4e-8b4e-4e2912ae4758</msg>
<msg time="2025-04-28T18:18:58.958200" level="INFO">Successfully closed Context</msg>
<status status="PASS" start="2025-04-28T18:18:47.068077" elapsed="11.809702"/>
</test>
<test id="s1-t3" name="Validar opções da navbar" line="26">
<kw name="Abrir o navegador" owner="HomePageKeywords">
<kw name="New Browser" owner="Browser">
<msg time="2025-04-28T18:18:58.965639" level="INFO">Switching browser to browser=0bf581db-a662-4be6-b429-5e09eeb0c434</msg>
<msg time="2025-04-28T18:18:58.969589" level="INFO">Successfully changed active browser: browser=0bf581db-a662-4be6-b429-5e09eeb0c434</msg>
<msg time="2025-04-28T18:18:58.969886" level="INFO">Reusing existing browser with id: browser=0bf581db-a662-4be6-b429-5e09eeb0c434</msg>
<arg>browser=${BROWSER}</arg>
<arg>headless=${HEADLESS}</arg>
<tag>BrowserControl</tag>
<tag>Setter</tag>
<doc>Create a new playwright Browser with specified options.</doc>
<status status="PASS" start="2025-04-28T18:18:58.964094" elapsed="0.005922"/>
</kw>
<kw name="New Context" owner="Browser">
<msg time="2025-04-28T18:18:58.972853" level="INFO">{
  "acceptDownloads": true,
  "bypassCSP": false,
  "forcedColors": "none",
  "ignoreHTTPSErrors": false,
  "javaScriptEnabled": true,
  "offline": false,
  "reducedMotion": "no-preference",
  "serviceWorkers": "allow",
  "viewport": {
    "height": 800,
    "width": 1200
  }
}</msg>
<msg time="2025-04-28T18:18:58.984213" level="INFO">Successfully created context. </msg>
<msg time="2025-04-28T18:18:58.984339" level="INFO">{'acceptDownloads': True, 'bypassCSP': False, 'forcedColors': 'none', 'ignoreHTTPSErrors': False, 'javaScriptEnabled': True, 'offline': False, 'reducedMotion': 'no-preference', 'serviceWorkers': 'allow', 'viewport': {'height': 800, 'width': 1200}}</msg>
<arg>viewport={'width': 1200, 'height': 800}</arg>
<tag>BrowserControl</tag>
<tag>Setter</tag>
<doc>Create a new BrowserContext with specified options.</doc>
<status status="PASS" start="2025-04-28T18:18:58.970427" elapsed="0.014035"/>
</kw>
<status status="PASS" start="2025-04-28T18:18:58.963225" elapsed="0.021376"/>
</kw>
<kw name="Ir para o site Serve Rest Front" owner="HomePageKeywords">
<kw name="New Page" owner="Browser">
<msg time="2025-04-28T18:19:01.325808" level="INFO">Successfully initialized new page object and opened url: https://front.serverest.dev/</msg>
<arg>url=${SITE_SERVE_REST}</arg>
<tag>BrowserControl</tag>
<tag>Setter</tag>
<doc>Open a new Page.</doc>
<status status="PASS" start="2025-04-28T18:18:58.985586" elapsed="2.340565"/>
</kw>
<kw name="Get Title" owner="Browser">
<msg time="2025-04-28T18:19:01.334382" level="INFO">Title: 'Front - ServeRest'</msg>
<msg time="2025-04-28T18:19:01.334582" level="INFO">${title} = Front - ServeRest</msg>
<var>${title}</var>
<arg>==</arg>
<arg>Front - ServeRest</arg>
<tag>Assertion</tag>
<tag>Getter</tag>
<tag>PageContent</tag>
<doc>Returns the title of the current page.</doc>
<status status="PASS" start="2025-04-28T18:19:01.326446" elapsed="0.008175"/>
</kw>
<kw name="Log" owner="BuiltIn">
<msg time="2025-04-28T18:19:01.335262" level="INFO">Front - ServeRest</msg>
<arg>${title}</arg>
<doc>Logs the given message with the given level.</doc>
<status status="PASS" start="2025-04-28T18:19:01.334827" elapsed="0.000491"/>
</kw>
<status status="PASS" start="2025-04-28T18:18:58.984967" elapsed="2.350436"/>
</kw>
<kw name="Preencher os dados do novo usuário e cadastrar" owner="HomePageKeywords">
<kw name="Click" owner="Browser">
<msg time="2025-04-28T18:19:01.336847" level="INFO">Clicks the element 'css=a[data-testid='cadastrar']'.</msg>
<arg>css=a[data-testid='cadastrar']</arg>
<tag>PageContent</tag>
<tag>Setter</tag>
<doc>Simulates mouse click on the element found by ``selector``.</doc>
<status status="PASS" start="2025-04-28T18:19:01.336306" elapsed="0.227139"/>
</kw>
<kw name="Email" owner="FakerLibrary">
<msg time="2025-04-28T18:19:01.564313" level="INFO">${EMAIL} = rsmith@example.net</msg>
<var>${EMAIL}</var>
<status status="PASS" start="2025-04-28T18:19:01.563660" elapsed="0.000688"/>
</kw>
<kw name="Fill Text" owner="Browser">
<msg time="2025-04-28T18:19:01.565007" level="INFO">Fills the text 'Saulo Barros' in the given field.</msg>
<arg>css=input[data-testid='nome']</arg>
<arg>Saulo Barros</arg>
<tag>PageContent</tag>
<tag>Setter</tag>
<doc>Clears and fills the given ``txt`` into the text field found by ``selector``.</doc>
<status status="PASS" start="2025-04-28T18:19:01.564479" elapsed="0.015100"/>
</kw>
<kw name="Fill Text" owner="Browser">
<msg time="2025-04-28T18:19:01.580827" level="INFO">Fills the text 'rsmith@example.net' in the given field.</msg>
<arg>css=input[data-testid='email']</arg>
<arg>${EMAIL}</arg>
<tag>PageContent</tag>
<tag>Setter</tag>
<doc>Clears and fills the given ``txt`` into the text field found by ``selector``.</doc>
<status status="PASS" start="2025-04-28T18:19:01.579904" elapsed="0.016858"/>
</kw>
<kw name="Fill Text" owner="Browser">
<msg time="2025-04-28T18:19:01.598247" level="INFO">Fills the text '123456' in the given field.</msg>
<arg>css=input[data-testid='password']</arg>
<arg>123456</arg>
<tag>PageContent</tag>
<tag>Setter</tag>
<doc>Clears and fills the given ``txt`` into the text field found by ``selector``.</doc>
<status status="PASS" start="2025-04-28T18:19:01.597221" elapsed="0.012515"/>
</kw>
<kw name="Check Checkbox" owner="Browser">
<arg>css=input[data-testid='checkbox']</arg>
<tag>PageContent</tag>
<tag>Setter</tag>
<doc>Checks the checkbox or selects radio button found by ``selector``.</doc>
<status status="PASS" start="2025-04-28T18:19:01.609974" elapsed="0.035932"/>
</kw>
<kw name="Click" owner="Browser">
<msg time="2025-04-28T18:19:01.646732" level="INFO">Clicks the element 'xpath=//*[@id="root"]//button &gt;&gt; text="Cadastrar"'.</msg>
<arg>xpath=//*[@id="root"]//button &gt;&gt; text="Cadastrar"</arg>
<tag>PageContent</tag>
<tag>Setter</tag>
<doc>Simulates mouse click on the element found by ``selector``.</doc>
<status status="PASS" start="2025-04-28T18:19:01.646119" elapsed="0.042436"/>
</kw>
<status status="PASS" start="2025-04-28T18:19:01.335793" elapsed="0.352919"/>
</kw>
<kw name="Conferir que é possível vizualizar as opções &quot;Home&quot;, &quot;Cadastrar Usuários&quot;, &quot;Listar Usuários&quot;, &quot;Cadastrar Produtos&quot;, &quot;Listar Produtos&quot; e &quot;Relatórios&quot;" owner="HomePageKeywords" source_name="Conferir que é possível vizualizar as opções &quot;${option1}&quot;, &quot;${option2}&quot;, &quot;${option3}&quot;, &quot;${option4}&quot;, &quot;${option5}&quot; e &quot;${option6}&quot;">
<kw name="Get Element" owner="Browser">
<msg time="2025-04-28T18:19:06.107453" level="INFO">Locator found successfully.</msg>
<msg time="2025-04-28T18:19:06.107791" level="INFO">${elemento} = //a[@data-testid='home']</msg>
<var>${elemento}</var>
<arg>//a[@data-testid='home']</arg>
<tag>Getter</tag>
<tag>PageContent</tag>
<doc>Returns a reference to a Playwright [https://playwright.dev/docs/api/class-locator|Locator].</doc>
<status status="PASS" start="2025-04-28T18:19:01.689827" elapsed="4.418008"/>
</kw>
<kw name="Get Text" owner="Browser">
<msg time="2025-04-28T18:19:06.129900" level="INFO">Text: 'Home'</msg>
<msg time="2025-04-28T18:19:06.130080" level="INFO">${texto} = Home</msg>
<var>${texto}</var>
<arg>${elemento}</arg>
<tag>Assertion</tag>
<tag>Getter</tag>
<tag>PageContent</tag>
<doc>Returns text attribute of the element found by ``selector``.</doc>
<status status="PASS" start="2025-04-28T18:19:06.108053" elapsed="0.022057"/>
</kw>
<kw name="Should Contain" owner="BuiltIn">
<arg>${texto}</arg>
<arg>${option1}</arg>
<doc>Fails if ``container`` does not contain ``item`` one or more times.</doc>
<status status="PASS" start="2025-04-28T18:19:06.130311" elapsed="0.000470"/>
</kw>
<kw name="Get Element" owner="Browser">
<msg time="2025-04-28T18:19:06.138481" level="INFO">Locator found successfully.</msg>
<msg time="2025-04-28T18:19:06.138782" level="INFO">${elemento} = //a[@data-testid='cadastrar-usuarios']</msg>
<var>${elemento}</var>
<arg>//a[@data-testid='cadastrar-usuarios']</arg>
<tag>Getter</tag>
<tag>PageContent</tag>
<doc>Returns a reference to a Playwright [https://playwright.dev/docs/api/class-locator|Locator].</doc>
<status status="PASS" start="2025-04-28T18:19:06.130965" elapsed="0.007854"/>
</kw>
<kw name="Get Text" owner="Browser">
<msg time="2025-04-28T18:19:06.159340" level="INFO">Text: 'Cadastrar Usuários'</msg>
<msg time="2025-04-28T18:19:06.159660" level="INFO">${texto} = Cadastrar Usuários</msg>
<var>${texto}</var>
<arg>${elemento}</arg>
<tag>Assertion</tag>
<tag>Getter</tag>
<tag>PageContent</tag>
<doc>Returns text attribute of the element found by ``selector``.</doc>
<status status="PASS" start="2025-04-28T18:19:06.139082" elapsed="0.020625"/>
</kw>
<kw name="Should Contain" owner="BuiltIn">
<arg>${texto}</arg>
<arg>${option2}</arg>
<doc>Fails if ``container`` does not contain ``item`` one or more times.</doc>
<status status="PASS" start="2025-04-28T18:19:06.160164" elapsed="0.000829"/>
</kw>
<kw name="Get Element" owner="Browser">
<msg time="2025-04-28T18:19:06.169229" level="INFO">Locator found successfully.</msg>
<msg time="2025-04-28T18:19:06.169471" level="INFO">${elemento} = //a[@data-testid='listar-usuarios']</msg>
<var>${elemento}</var>
<arg>//a[@data-testid='listar-usuarios']</arg>
<tag>Getter</tag>
<tag>PageContent</tag>
<doc>Returns a reference to a Playwright [https://playwright.dev/docs/api/class-locator|Locator].</doc>
<status status="PASS" start="2025-04-28T18:19:06.161222" elapsed="0.008281"/>
</kw>
<kw name="Get Text" owner="Browser">
<msg time="2025-04-28T18:19:06.184200" level="INFO">Text: 'Listar Usuários'</msg>
<msg time="2025-04-28T18:19:06.184421" level="INFO">${texto} = Listar Usuários</msg>
<var>${texto}</var>
<arg>${elemento}</arg>
<tag>Assertion</tag>
<tag>Getter</tag>
<tag>PageContent</tag>
<doc>Returns text attribute of the element found by ``selector``.</doc>
<status status="PASS" start="2025-04-28T18:19:06.169729" elapsed="0.014735"/>
</kw>
<kw name="Should Contain" owner="BuiltIn">
<arg>${texto}</arg>
<arg>${option3}</arg>
<doc>Fails if ``container`` does not contain ``item`` one or more times.</doc>
<status status="PASS" start="2025-04-28T18:19:06.184753" elapsed="0.000836"/>
</kw>
<kw name="Get Element" owner="Browser">
<msg time="2025-04-28T18:19:06.192202" level="INFO">Locator found successfully.</msg>
<msg time="2025-04-28T18:19:06.192481" level="INFO">${elemento} = //a[@data-testid='cadastrar-produtos']</msg>
<var>${elemento}</var>
<arg>//a[@data-testid='cadastrar-produtos']</arg>
<tag>Getter</tag>
<tag>PageContent</tag>
<doc>Returns a reference to a Playwright [https://playwright.dev/docs/api/class-locator|Locator].</doc>
<status status="PASS" start="2025-04-28T18:19:06.185845" elapsed="0.006668"/>
</kw>
<kw name="Get Text" owner="Browser">
<msg time="2025-04-28T18:19:06.208283" level="INFO">Text: 'Cadastrar Produtos'</msg>
<msg time="2025-04-28T18:19:06.208515" level="INFO">${texto} = Cadastrar Produtos</msg>
<var>${texto}</var>
<arg>${elemento}</arg>
<tag>Assertion</tag>
<tag>Getter</tag>
<tag>PageContent</tag>
<doc>Returns text attribute of the element found by ``selector``.</doc>
<status status="PASS" start="2025-04-28T18:19:06.192722" elapsed="0.015826"/>
</kw>
<kw name="Should Contain" owner="BuiltIn">
<arg>${texto}</arg>
<arg>${option4}</arg>
<doc>Fails if ``container`` does not contain ``item`` one or more times.</doc>
<status status="PASS" start="2025-04-28T18:19:06.208850" elapsed="0.000633"/>
</kw>
<kw name="Get Element" owner="Browser">
<msg time="2025-04-28T18:19:06.216717" level="INFO">Locator found successfully.</msg>
<msg time="2025-04-28T18:19:06.217032" level="INFO">${elemento} = //a[@data-testid='listar-produtos']</msg>
<var>${elemento}</var>
<arg>//a[@data-testid='listar-produtos']</arg>
<tag>Getter</tag>
<tag>PageContent</tag>
<doc>Returns a reference to a Playwright [https://playwright.dev/docs/api/class-locator|Locator].</doc>
<status status="PASS" start="2025-04-28T18:19:06.209654" elapsed="0.007419"/>
</kw>
<kw name="Get Text" owner="Browser">
<msg time="2025-04-28T18:19:06.232391" level="INFO">Text: 'Listar Produtos'</msg>
<msg time="2025-04-28T18:19:06.232543" level="INFO">${texto} = Listar Produtos</msg>
<var>${texto}</var>
<arg>${elemento}</arg>
<tag>Assertion</tag>
<tag>Getter</tag>
<tag>PageContent</tag>
<doc>Returns text attribute of the element found by ``selector``.</doc>
<status status="PASS" start="2025-04-28T18:19:06.217324" elapsed="0.015249"/>
</kw>
<kw name="Should Contain" owner="BuiltIn">
<arg>${texto}</arg>
<arg>${option5}</arg>
<doc>Fails if ``container`` does not contain ``item`` one or more times.</doc>
<status status="PASS" start="2025-04-28T18:19:06.232763" elapsed="0.000426"/>
</kw>
<kw name="Get Element" owner="Browser">
<msg time="2025-04-28T18:19:06.238021" level="INFO">Locator found successfully.</msg>
<msg time="2025-04-28T18:19:06.238234" level="INFO">${elemento} = //a[@data-testid='link-relatorios']</msg>
<var>${elemento}</var>
<arg>//a[@data-testid='link-relatorios']</arg>
<tag>Getter</tag>
<tag>PageContent</tag>
<doc>Returns a reference to a Playwright [https://playwright.dev/docs/api/class-locator|Locator].</doc>
<status status="PASS" start="2025-04-28T18:19:06.233318" elapsed="0.004946"/>
</kw>
<kw name="Get Text" owner="Browser">
<msg time="2025-04-28T18:19:06.250106" level="INFO">Text: 'Relatórios'</msg>
<msg time="2025-04-28T18:19:06.250292" level="INFO">${texto} = Relatórios</msg>
<var>${texto}</var>
<arg>${elemento}</arg>
<tag>Assertion</tag>
<tag>Getter</tag>
<tag>PageContent</tag>
<doc>Returns text attribute of the element found by ``selector``.</doc>
<status status="PASS" start="2025-04-28T18:19:06.238432" elapsed="0.011901"/>
</kw>
<kw name="Should Contain" owner="BuiltIn">
<arg>${texto}</arg>
<arg>${option6}</arg>
<doc>Fails if ``container`` does not contain ``item`` one or more times.</doc>
<status status="PASS" start="2025-04-28T18:19:06.250545" elapsed="0.000567"/>
</kw>
<kw name="Take Screenshot" owner="Browser">
<msg time="2025-04-28T18:19:06.368345" level="INFO" html="true">&lt;/td&gt;&lt;/tr&gt;&lt;tr&gt;&lt;td colspan="3"&gt;&lt;a href="browser/screenshot/robotframework-browser-screenshot-2.png" target="_blank"&gt;&lt;img src="browser/screenshot/robotframework-browser-screenshot-2.png" width="800px"/&gt;&lt;/a&gt;</msg>
<tag>PageContent</tag>
<doc>Takes a screenshot of the current window or element and saves it to disk.</doc>
<status status="PASS" start="2025-04-28T18:19:06.251253" elapsed="0.117269"/>
</kw>
<status status="PASS" start="2025-04-28T18:19:01.689181" elapsed="4.679449"/>
</kw>
<msg time="2025-04-28T18:19:06.371471" level="INFO">Set timeout to: 10000</msg>
<msg time="2025-04-28T18:19:06.383497" level="INFO">Switching context to context=26cdbfef-48d1-4e2c-ad09-a666c22a36fd in CURRENT</msg>
<msg time="2025-04-28T18:19:06.395567" level="INFO">Successfully changed active context: context=26cdbfef-48d1-4e2c-ad09-a666c22a36fd</msg>
<msg time="2025-04-28T18:19:06.452440" level="INFO">Successfully closed Context</msg>
<status status="PASS" start="2025-04-28T18:18:58.959192" elapsed="7.409776"/>
</test>
<status status="PASS" start="2025-04-28T18:18:39.444998" elapsed="27.008857"/>
</suite>
<statistics>
<total>
<stat pass="3" fail="0" skip="0">All Tests</stat>
</total>
<tag>
</tag>
<suite>
<stat name="Login" id="s1" pass="3" fail="0" skip="0">Login</stat>
</suite>
</statistics>
<errors>
</errors>
</robot>
