<?xml version="1.0" encoding="UTF-8"?>
<robot generator="Robot 7.2.2 (Python 3.13.2 on win32)" generated="2025-04-29T05:43:49.060716" rpa="false" schemaversion="5">
<suite id="s1" name="Navbar" source="C:\Users\saulo\projects\robotframework\serve-rest-front_RobotFramework\tests\navbar.robot">
<test id="s1-t1" name="Validar opções da navbar do admin" line="6">
<kw name="Abrir o navegador" owner="HomePageKeywords">
<kw name="New Browser" owner="Browser">
<msg time="2025-04-29T05:43:49.900829" level="INFO">{"browser": "chromium", "headless": false, "chromiumSandbox": false, "devtools": false, "handleSIGHUP": true, "handleSIGINT": true, "handleSIGTERM": true, "slowMo": 0.0, "timeout": 30000.0, "tracesDir": "C:\\Users\\saulo\\projects\\robotframework\\serve-rest-front_RobotFramework\\results\\browser\\traces\\temp\\6e55eb25-9d68-4d74-8563-2c0b5d372959"}</msg>
<msg time="2025-04-29T05:43:49.933024" level="INFO">Starting Browser process C:\Users\saulo\AppData\Local\Programs\Python\Python313\Lib\site-packages\Browser\wrapper\index.js using port 61523</msg>
<msg time="2025-04-29T05:43:49.933210" level="INFO">Node startup parameters: ['node', 'C:\\Users\\saulo\\AppData\\Local\\Programs\\Python\\Python313\\Lib\\site-packages\\Browser\\wrapper\\index.js', '61523']</msg>
<msg time="2025-04-29T05:43:51.305463" level="INFO">Successfully created browser with options: {"browser":"chromium","headless":false,"chromiumSandbox":false,"devtools":false,"handleSIGHUP":true,"handleSIGINT":true,"handleSIGTERM":true,"slowMo":0,"timeout":30000,"tracesDir":"C:\\Users\\saulo\\projects\\robotframework\\serve-rest-front_RobotFramework\\results\\browser\\traces\\temp\\6e55eb25-9d68-4d74-8563-2c0b5d372959"}</msg>
<arg>browser=${BROWSER}</arg>
<arg>headless=${HEADLESS}</arg>
<tag>BrowserControl</tag>
<tag>Setter</tag>
<doc>Create a new playwright Browser with specified options.</doc>
<status status="PASS" start="2025-04-29T05:43:49.899817" elapsed="1.405908"/>
</kw>
<kw name="New Context" owner="Browser">
<msg time="2025-04-29T05:43:51.309012" level="INFO">{
  "acceptDownloads": true,
  "bypassCSP": false,
  "forcedColors": "none",
  "ignoreHTTPSErrors": false,
  "javaScriptEnabled": true,
  "offline": false,
  "reducedMotion": "no-preference",
  "serviceWorkers": "allow",
  "viewport": {
    "width": 1200,
    "height": 800
  }
}</msg>
<msg time="2025-04-29T05:43:51.326268" level="INFO">Successfully created context. </msg>
<msg time="2025-04-29T05:43:51.326358" level="INFO">{'acceptDownloads': True, 'bypassCSP': False, 'forcedColors': 'none', 'ignoreHTTPSErrors': False, 'javaScriptEnabled': True, 'offline': False, 'reducedMotion': 'no-preference', 'serviceWorkers': 'allow', 'viewport': {'width': 1200, 'height': 800}}</msg>
<arg>viewport={'width': 1200, 'height': 800}</arg>
<tag>BrowserControl</tag>
<tag>Setter</tag>
<doc>Create a new BrowserContext with specified options.</doc>
<status status="PASS" start="2025-04-29T05:43:51.306108" elapsed="0.020394"/>
</kw>
<status status="PASS" start="2025-04-29T05:43:49.898501" elapsed="1.428155"/>
</kw>
<kw name="Ir para o site Serve Rest Front" owner="HomePageKeywords">
<kw name="New Page" owner="Browser">
<msg time="2025-04-29T05:43:53.825226" level="INFO">Successfully initialized new page object and opened url: https://front.serverest.dev/</msg>
<arg>url=${SITE_SERVE_REST}</arg>
<tag>BrowserControl</tag>
<tag>Setter</tag>
<doc>Open a new Page.</doc>
<status status="PASS" start="2025-04-29T05:43:51.327554" elapsed="2.498004"/>
</kw>
<kw name="Get Title" owner="Browser">
<msg time="2025-04-29T05:43:53.835615" level="INFO">Title: 'Front - ServeRest'</msg>
<msg time="2025-04-29T05:43:53.835831" level="INFO">${title} = Front - ServeRest</msg>
<var>${title}</var>
<arg>==</arg>
<arg>Front - ServeRest</arg>
<tag>Assertion</tag>
<tag>Getter</tag>
<tag>PageContent</tag>
<doc>Returns the title of the current page.</doc>
<status status="PASS" start="2025-04-29T05:43:53.825912" elapsed="0.009951"/>
</kw>
<kw name="Log" owner="BuiltIn">
<msg time="2025-04-29T05:43:53.836508" level="INFO">Front - ServeRest</msg>
<arg>${title}</arg>
<doc>Logs the given message with the given level.</doc>
<status status="PASS" start="2025-04-29T05:43:53.836081" elapsed="0.000496"/>
</kw>
<status status="PASS" start="2025-04-29T05:43:51.327036" elapsed="2.509674"/>
</kw>
<kw name="Preencher os dados do novo usuário e cadastrar um administrador" owner="HomePageKeywords">
<kw name="Click" owner="Browser">
<msg time="2025-04-29T05:43:53.838357" level="INFO">Clicks the element 'css=a[data-testid='cadastrar']'.</msg>
<arg>css=a[data-testid='cadastrar']</arg>
<tag>PageContent</tag>
<tag>Setter</tag>
<doc>Simulates mouse click on the element found by ``selector``.</doc>
<status status="PASS" start="2025-04-29T05:43:53.837689" elapsed="0.237576"/>
</kw>
<kw name="Email" owner="FakerLibrary">
<msg time="2025-04-29T05:43:54.076245" level="INFO">${EMAIL} = katelynsolomon@example.net</msg>
<var>${EMAIL}</var>
<status status="PASS" start="2025-04-29T05:43:54.075501" elapsed="0.000782"/>
</kw>
<kw name="Fill Text" owner="Browser">
<msg time="2025-04-29T05:43:54.077047" level="INFO">Fills the text 'Saulo Barros' in the given field.</msg>
<arg>css=input[data-testid='nome']</arg>
<arg>Saulo Barros</arg>
<tag>PageContent</tag>
<tag>Setter</tag>
<doc>Clears and fills the given ``txt`` into the text field found by ``selector``.</doc>
<status status="PASS" start="2025-04-29T05:43:54.076450" elapsed="0.017847"/>
</kw>
<kw name="Fill Text" owner="Browser">
<msg time="2025-04-29T05:43:54.095634" level="INFO">Fills the text 'katelynsolomon@example.net' in the given field.</msg>
<arg>css=input[data-testid='email']</arg>
<arg>${EMAIL}</arg>
<tag>PageContent</tag>
<tag>Setter</tag>
<doc>Clears and fills the given ``txt`` into the text field found by ``selector``.</doc>
<status status="PASS" start="2025-04-29T05:43:54.094660" elapsed="0.020011"/>
</kw>
<kw name="Fill Text" owner="Browser">
<msg time="2025-04-29T05:43:54.115781" level="INFO">Fills the text '123456' in the given field.</msg>
<arg>css=input[data-testid='password']</arg>
<arg>123456</arg>
<tag>PageContent</tag>
<tag>Setter</tag>
<doc>Clears and fills the given ``txt`` into the text field found by ``selector``.</doc>
<status status="PASS" start="2025-04-29T05:43:54.115029" elapsed="0.017857"/>
</kw>
<kw name="Check Checkbox" owner="Browser">
<arg>css=input[data-testid='checkbox']</arg>
<tag>PageContent</tag>
<tag>Setter</tag>
<doc>Checks the checkbox or selects radio button found by ``selector``.</doc>
<status status="PASS" start="2025-04-29T05:43:54.133362" elapsed="0.048412"/>
</kw>
<kw name="Click" owner="Browser">
<msg time="2025-04-29T05:43:54.182894" level="INFO">Clicks the element 'xpath=//*[@id="root"]//button &gt;&gt; text="Cadastrar"'.</msg>
<arg>xpath=//*[@id="root"]//button &gt;&gt; text="Cadastrar"</arg>
<tag>PageContent</tag>
<tag>Setter</tag>
<doc>Simulates mouse click on the element found by ``selector``.</doc>
<status status="PASS" start="2025-04-29T05:43:54.182106" elapsed="0.039725"/>
</kw>
<status status="PASS" start="2025-04-29T05:43:53.837151" elapsed="0.384816"/>
</kw>
<kw name="Conferir que é possível vizualizar as opções &quot;Home&quot;, &quot;Cadastrar Usuários&quot;, &quot;Listar Usuários&quot;, &quot;Cadastrar Produtos&quot;, &quot;Listar Produtos&quot; e &quot;Relatórios&quot;" owner="NavbarPageKeywords" source_name="Conferir que é possível vizualizar as opções &quot;${option1}&quot;, &quot;${option2}&quot;, &quot;${option3}&quot;, &quot;${option4}&quot;, &quot;${option5}&quot; e &quot;${option6}&quot;">
<kw name="Get Element" owner="Browser">
<msg time="2025-04-29T05:43:59.157086" level="INFO">Locator found successfully.</msg>
<msg time="2025-04-29T05:43:59.157457" level="INFO">${elemento} = //a[@data-testid='home']</msg>
<var>${elemento}</var>
<arg>${HOME_NAVBAR_BUTTON}</arg>
<tag>Getter</tag>
<tag>PageContent</tag>
<doc>Returns a reference to a Playwright [https://playwright.dev/docs/api/class-locator|Locator].</doc>
<status status="PASS" start="2025-04-29T05:43:54.222945" elapsed="4.934544"/>
</kw>
<kw name="Get Text" owner="Browser">
<msg time="2025-04-29T05:43:59.188402" level="INFO">Text: 'Home'</msg>
<msg time="2025-04-29T05:43:59.188594" level="INFO">${texto} = Home</msg>
<var>${texto}</var>
<arg>${elemento}</arg>
<tag>Assertion</tag>
<tag>Getter</tag>
<tag>PageContent</tag>
<doc>Returns text attribute of the element found by ``selector``.</doc>
<status status="PASS" start="2025-04-29T05:43:59.158035" elapsed="0.030596"/>
</kw>
<kw name="Should Contain" owner="BuiltIn">
<arg>${texto}</arg>
<arg>${option1}</arg>
<doc>Fails if ``container`` does not contain ``item`` one or more times.</doc>
<status status="PASS" start="2025-04-29T05:43:59.188861" elapsed="0.000461"/>
</kw>
<kw name="Get Element" owner="Browser">
<msg time="2025-04-29T05:43:59.194400" level="INFO">Locator found successfully.</msg>
<msg time="2025-04-29T05:43:59.194559" level="INFO">${elemento} = //a[@data-testid='cadastrar-usuarios']</msg>
<var>${elemento}</var>
<arg>${CADASTRAR_USUARIOS_NAVBAR_BUTTON}</arg>
<tag>Getter</tag>
<tag>PageContent</tag>
<doc>Returns a reference to a Playwright [https://playwright.dev/docs/api/class-locator|Locator].</doc>
<status status="PASS" start="2025-04-29T05:43:59.189449" elapsed="0.005139"/>
</kw>
<kw name="Get Text" owner="Browser">
<msg time="2025-04-29T05:43:59.207780" level="INFO">Text: 'Cadastrar Usuários'</msg>
<msg time="2025-04-29T05:43:59.208023" level="INFO">${texto} = Cadastrar Usuários</msg>
<var>${texto}</var>
<arg>${elemento}</arg>
<tag>Assertion</tag>
<tag>Getter</tag>
<tag>PageContent</tag>
<doc>Returns text attribute of the element found by ``selector``.</doc>
<status status="PASS" start="2025-04-29T05:43:59.194742" elapsed="0.013314"/>
</kw>
<kw name="Should Contain" owner="BuiltIn">
<arg>${texto}</arg>
<arg>${option2}</arg>
<doc>Fails if ``container`` does not contain ``item`` one or more times.</doc>
<status status="PASS" start="2025-04-29T05:43:59.208340" elapsed="0.000607"/>
</kw>
<kw name="Get Element" owner="Browser">
<msg time="2025-04-29T05:43:59.216647" level="INFO">Locator found successfully.</msg>
<msg time="2025-04-29T05:43:59.216918" level="INFO">${elemento} = //a[@data-testid='listar-usuarios']</msg>
<var>${elemento}</var>
<arg>${LISTAR_USUARIOS_NAVBAR_BUTTON}</arg>
<tag>Getter</tag>
<tag>PageContent</tag>
<doc>Returns a reference to a Playwright [https://playwright.dev/docs/api/class-locator|Locator].</doc>
<status status="PASS" start="2025-04-29T05:43:59.209120" elapsed="0.007832"/>
</kw>
<kw name="Get Text" owner="Browser">
<msg time="2025-04-29T05:43:59.230150" level="INFO">Text: 'Listar Usuários'</msg>
<msg time="2025-04-29T05:43:59.230310" level="INFO">${texto} = Listar Usuários</msg>
<var>${texto}</var>
<arg>${elemento}</arg>
<tag>Assertion</tag>
<tag>Getter</tag>
<tag>PageContent</tag>
<doc>Returns text attribute of the element found by ``selector``.</doc>
<status status="PASS" start="2025-04-29T05:43:59.217199" elapsed="0.013140"/>
</kw>
<kw name="Should Contain" owner="BuiltIn">
<arg>${texto}</arg>
<arg>${option3}</arg>
<doc>Fails if ``container`` does not contain ``item`` one or more times.</doc>
<status status="PASS" start="2025-04-29T05:43:59.230573" elapsed="0.000460"/>
</kw>
<kw name="Get Element" owner="Browser">
<msg time="2025-04-29T05:43:59.236204" level="INFO">Locator found successfully.</msg>
<msg time="2025-04-29T05:43:59.236397" level="INFO">${elemento} = //a[@data-testid='cadastrar-produtos']</msg>
<var>${elemento}</var>
<arg>${CADASTRAR_PRODUTOS_NAVBAR_BUTTON}</arg>
<tag>Getter</tag>
<tag>PageContent</tag>
<doc>Returns a reference to a Playwright [https://playwright.dev/docs/api/class-locator|Locator].</doc>
<status status="PASS" start="2025-04-29T05:43:59.231189" elapsed="0.005237"/>
</kw>
<kw name="Get Text" owner="Browser">
<msg time="2025-04-29T05:43:59.248227" level="INFO">Text: 'Cadastrar Produtos'</msg>
<msg time="2025-04-29T05:43:59.248377" level="INFO">${texto} = Cadastrar Produtos</msg>
<var>${texto}</var>
<arg>${elemento}</arg>
<tag>Assertion</tag>
<tag>Getter</tag>
<tag>PageContent</tag>
<doc>Returns text attribute of the element found by ``selector``.</doc>
<status status="PASS" start="2025-04-29T05:43:59.236606" elapsed="0.011800"/>
</kw>
<kw name="Should Contain" owner="BuiltIn">
<arg>${texto}</arg>
<arg>${option4}</arg>
<doc>Fails if ``container`` does not contain ``item`` one or more times.</doc>
<status status="PASS" start="2025-04-29T05:43:59.248601" elapsed="0.000389"/>
</kw>
<kw name="Get Element" owner="Browser">
<msg time="2025-04-29T05:43:59.253841" level="INFO">Locator found successfully.</msg>
<msg time="2025-04-29T05:43:59.254009" level="INFO">${elemento} = //a[@data-testid='listar-produtos']</msg>
<var>${elemento}</var>
<arg>${LISTAR_PRODUTOS_NAVBAR_BUTTON}</arg>
<tag>Getter</tag>
<tag>PageContent</tag>
<doc>Returns a reference to a Playwright [https://playwright.dev/docs/api/class-locator|Locator].</doc>
<status status="PASS" start="2025-04-29T05:43:59.249118" elapsed="0.004920"/>
</kw>
<kw name="Get Text" owner="Browser">
<msg time="2025-04-29T05:43:59.266567" level="INFO">Text: 'Listar Produtos'</msg>
<msg time="2025-04-29T05:43:59.266788" level="INFO">${texto} = Listar Produtos</msg>
<var>${texto}</var>
<arg>${elemento}</arg>
<tag>Assertion</tag>
<tag>Getter</tag>
<tag>PageContent</tag>
<doc>Returns text attribute of the element found by ``selector``.</doc>
<status status="PASS" start="2025-04-29T05:43:59.254230" elapsed="0.012596"/>
</kw>
<kw name="Should Contain" owner="BuiltIn">
<arg>${texto}</arg>
<arg>${option5}</arg>
<doc>Fails if ``container`` does not contain ``item`` one or more times.</doc>
<status status="PASS" start="2025-04-29T05:43:59.267102" elapsed="0.000493"/>
</kw>
<kw name="Get Element" owner="Browser">
<msg time="2025-04-29T05:43:59.273505" level="INFO">Locator found successfully.</msg>
<msg time="2025-04-29T05:43:59.273766" level="INFO">${elemento} = //a[@data-testid='link-relatorios']</msg>
<var>${elemento}</var>
<arg>${RELATORIOS_NAVBAR_BUTTON}</arg>
<tag>Getter</tag>
<tag>PageContent</tag>
<doc>Returns a reference to a Playwright [https://playwright.dev/docs/api/class-locator|Locator].</doc>
<status status="PASS" start="2025-04-29T05:43:59.267761" elapsed="0.006042"/>
</kw>
<kw name="Get Text" owner="Browser">
<msg time="2025-04-29T05:43:59.289881" level="INFO">Text: 'Relatórios'</msg>
<msg time="2025-04-29T05:43:59.290039" level="INFO">${texto} = Relatórios</msg>
<var>${texto}</var>
<arg>${elemento}</arg>
<tag>Assertion</tag>
<tag>Getter</tag>
<tag>PageContent</tag>
<doc>Returns text attribute of the element found by ``selector``.</doc>
<status status="PASS" start="2025-04-29T05:43:59.274033" elapsed="0.016036"/>
</kw>
<kw name="Should Contain" owner="BuiltIn">
<arg>${texto}</arg>
<arg>${option6}</arg>
<doc>Fails if ``container`` does not contain ``item`` one or more times.</doc>
<status status="PASS" start="2025-04-29T05:43:59.290262" elapsed="0.000503"/>
</kw>
<kw name="Take Screenshot" owner="Browser">
<msg time="2025-04-29T05:43:59.420284" level="INFO" html="true">&lt;/td&gt;&lt;/tr&gt;&lt;tr&gt;&lt;td colspan="3"&gt;&lt;a href="browser/screenshot/robotframework-browser-screenshot-1.png" target="_blank"&gt;&lt;img src="browser/screenshot/robotframework-browser-screenshot-1.png" width="800px"/&gt;&lt;/a&gt;</msg>
<tag>PageContent</tag>
<doc>Takes a screenshot of the current window or element and saves it to disk.</doc>
<status status="PASS" start="2025-04-29T05:43:59.290964" elapsed="0.129487"/>
</kw>
<status status="PASS" start="2025-04-29T05:43:54.222425" elapsed="5.198135"/>
</kw>
<msg time="2025-04-29T05:43:59.423569" level="INFO">Set timeout to: 10000</msg>
<msg time="2025-04-29T05:43:59.433727" level="INFO">Switching context to context=d70fe34a-13cf-4205-b9c4-8ecf8696529b in CURRENT</msg>
<msg time="2025-04-29T05:43:59.442652" level="INFO">Successfully changed active context: context=d70fe34a-13cf-4205-b9c4-8ecf8696529b</msg>
<msg time="2025-04-29T05:43:59.501169" level="INFO">Successfully closed Context</msg>
<status status="PASS" start="2025-04-29T05:43:49.897560" elapsed="9.523292"/>
</test>
<test id="s1-t2" name="Validar opções da navbar de usuário comum" line="12">
<kw name="Abrir o navegador" owner="HomePageKeywords">
<kw name="New Browser" owner="Browser">
<msg time="2025-04-29T05:43:59.509283" level="INFO">Switching browser to browser=217b5a20-a624-4266-bef8-673171d4ee38</msg>
<msg time="2025-04-29T05:43:59.513075" level="INFO">Successfully changed active browser: browser=217b5a20-a624-4266-bef8-673171d4ee38</msg>
<msg time="2025-04-29T05:43:59.513312" level="INFO">Reusing existing browser with id: browser=217b5a20-a624-4266-bef8-673171d4ee38</msg>
<arg>browser=${BROWSER}</arg>
<arg>headless=${HEADLESS}</arg>
<tag>BrowserControl</tag>
<tag>Setter</tag>
<doc>Create a new playwright Browser with specified options.</doc>
<status status="PASS" start="2025-04-29T05:43:59.508291" elapsed="0.005133"/>
</kw>
<kw name="New Context" owner="Browser">
<msg time="2025-04-29T05:43:59.516337" level="INFO">{
  "acceptDownloads": true,
  "bypassCSP": false,
  "forcedColors": "none",
  "ignoreHTTPSErrors": false,
  "javaScriptEnabled": true,
  "offline": false,
  "reducedMotion": "no-preference",
  "serviceWorkers": "allow",
  "viewport": {
    "width": 1200,
    "height": 800
  }
}</msg>
<msg time="2025-04-29T05:43:59.528073" level="INFO">Successfully created context. </msg>
<msg time="2025-04-29T05:43:59.528197" level="INFO">{'acceptDownloads': True, 'bypassCSP': False, 'forcedColors': 'none', 'ignoreHTTPSErrors': False, 'javaScriptEnabled': True, 'offline': False, 'reducedMotion': 'no-preference', 'serviceWorkers': 'allow', 'viewport': {'width': 1200, 'height': 800}}</msg>
<arg>viewport={'width': 1200, 'height': 800}</arg>
<tag>BrowserControl</tag>
<tag>Setter</tag>
<doc>Create a new BrowserContext with specified options.</doc>
<status status="PASS" start="2025-04-29T05:43:59.513727" elapsed="0.014590"/>
</kw>
<status status="PASS" start="2025-04-29T05:43:59.507591" elapsed="0.020899"/>
</kw>
<kw name="Ir para o site Serve Rest Front" owner="HomePageKeywords">
<kw name="New Page" owner="Browser">
<msg time="2025-04-29T05:44:01.790499" level="INFO">Successfully initialized new page object and opened url: https://front.serverest.dev/</msg>
<arg>url=${SITE_SERVE_REST}</arg>
<tag>BrowserControl</tag>
<tag>Setter</tag>
<doc>Open a new Page.</doc>
<status status="PASS" start="2025-04-29T05:43:59.529612" elapsed="2.261264"/>
</kw>
<kw name="Get Title" owner="Browser">
<msg time="2025-04-29T05:44:01.798114" level="INFO">Title: 'Front - ServeRest'</msg>
<msg time="2025-04-29T05:44:01.798305" level="INFO">${title} = Front - ServeRest</msg>
<var>${title}</var>
<arg>==</arg>
<arg>Front - ServeRest</arg>
<tag>Assertion</tag>
<tag>Getter</tag>
<tag>PageContent</tag>
<doc>Returns the title of the current page.</doc>
<status status="PASS" start="2025-04-29T05:44:01.791217" elapsed="0.007119"/>
</kw>
<kw name="Log" owner="BuiltIn">
<msg time="2025-04-29T05:44:01.798871" level="INFO">Front - ServeRest</msg>
<arg>${title}</arg>
<doc>Logs the given message with the given level.</doc>
<status status="PASS" start="2025-04-29T05:44:01.798540" elapsed="0.000382"/>
</kw>
<status status="PASS" start="2025-04-29T05:43:59.528930" elapsed="2.270073"/>
</kw>
<kw name="Preencher os dados do novo usuário e cadastrar" owner="HomePageKeywords">
<kw name="Click" owner="Browser">
<msg time="2025-04-29T05:44:01.800553" level="INFO">Clicks the element 'css=a[data-testid='cadastrar']'.</msg>
<arg>css=a[data-testid='cadastrar']</arg>
<tag>PageContent</tag>
<tag>Setter</tag>
<doc>Simulates mouse click on the element found by ``selector``.</doc>
<status status="PASS" start="2025-04-29T05:44:01.799827" elapsed="0.218331"/>
</kw>
<kw name="Email" owner="FakerLibrary">
<msg time="2025-04-29T05:44:02.019082" level="INFO">${EMAIL} = paulramirez@example.com</msg>
<var>${EMAIL}</var>
<status status="PASS" start="2025-04-29T05:44:02.018437" elapsed="0.000682"/>
</kw>
<kw name="Fill Text" owner="Browser">
<msg time="2025-04-29T05:44:02.019760" level="INFO">Fills the text 'Saulo Barros' in the given field.</msg>
<arg>css=input[data-testid='nome']</arg>
<arg>Saulo Barros</arg>
<tag>PageContent</tag>
<tag>Setter</tag>
<doc>Clears and fills the given ``txt`` into the text field found by ``selector``.</doc>
<status status="PASS" start="2025-04-29T05:44:02.019256" elapsed="0.014638"/>
</kw>
<kw name="Fill Text" owner="Browser">
<msg time="2025-04-29T05:44:02.034976" level="INFO">Fills the text 'paulramirez@example.com' in the given field.</msg>
<arg>css=input[data-testid='email']</arg>
<arg>${EMAIL}</arg>
<tag>PageContent</tag>
<tag>Setter</tag>
<doc>Clears and fills the given ``txt`` into the text field found by ``selector``.</doc>
<status status="PASS" start="2025-04-29T05:44:02.034232" elapsed="0.017172"/>
</kw>
<kw name="Fill Text" owner="Browser">
<msg time="2025-04-29T05:44:02.052203" level="INFO">Fills the text '123456' in the given field.</msg>
<arg>css=input[data-testid='password']</arg>
<arg>123456</arg>
<tag>PageContent</tag>
<tag>Setter</tag>
<doc>Clears and fills the given ``txt`` into the text field found by ``selector``.</doc>
<status status="PASS" start="2025-04-29T05:44:02.051629" elapsed="0.013442"/>
</kw>
<kw name="Click" owner="Browser">
<msg time="2025-04-29T05:44:02.065852" level="INFO">Clicks the element 'xpath=//*[@id="root"]//button &gt;&gt; text="Cadastrar"'.</msg>
<arg>xpath=//*[@id="root"]//button &gt;&gt; text="Cadastrar"</arg>
<tag>PageContent</tag>
<tag>Setter</tag>
<doc>Simulates mouse click on the element found by ``selector``.</doc>
<status status="PASS" start="2025-04-29T05:44:02.065292" elapsed="0.039564"/>
</kw>
<status status="PASS" start="2025-04-29T05:44:01.799315" elapsed="0.305675"/>
</kw>
<kw name="Conferir que é possível vizualizar as opções &quot;Home&quot;, &quot;Lista de Compras&quot; e &quot;Carrinho&quot;" owner="NavbarPageKeywords" source_name="Conferir que é possível vizualizar as opções &quot;${option1}&quot;, &quot;${option2}&quot; e &quot;${option3}&quot;">
<kw name="Get Element" owner="Browser">
<msg time="2025-04-29T05:44:06.003973" level="INFO">Locator found successfully.</msg>
<msg time="2025-04-29T05:44:06.004212" level="INFO">${elemento} = //a[@data-testid='home']</msg>
<var>${elemento}</var>
<arg>${HOME_NAVBAR_BUTTON}</arg>
<tag>Getter</tag>
<tag>PageContent</tag>
<doc>Returns a reference to a Playwright [https://playwright.dev/docs/api/class-locator|Locator].</doc>
<status status="PASS" start="2025-04-29T05:44:02.105847" elapsed="3.898396"/>
</kw>
<kw name="Get Text" owner="Browser">
<msg time="2025-04-29T05:44:06.024680" level="INFO">Text: 'Home'</msg>
<msg time="2025-04-29T05:44:06.024834" level="INFO">${texto} = Home</msg>
<var>${texto}</var>
<arg>${elemento}</arg>
<tag>Assertion</tag>
<tag>Getter</tag>
<tag>PageContent</tag>
<doc>Returns text attribute of the element found by ``selector``.</doc>
<status status="PASS" start="2025-04-29T05:44:06.004446" elapsed="0.020417"/>
</kw>
<kw name="Should Contain" owner="BuiltIn">
<arg>${texto}</arg>
<arg>${option1}</arg>
<doc>Fails if ``container`` does not contain ``item`` one or more times.</doc>
<status status="PASS" start="2025-04-29T05:44:06.025065" elapsed="0.000420"/>
</kw>
<kw name="Get Element" owner="Browser">
<msg time="2025-04-29T05:44:06.031073" level="INFO">Locator found successfully.</msg>
<msg time="2025-04-29T05:44:06.031298" level="INFO">${elemento} = //a[@data-testid='lista-de-compras']</msg>
<var>${elemento}</var>
<arg>${COMPRAS_NAVBAR_BUTTON}</arg>
<tag>Getter</tag>
<tag>PageContent</tag>
<doc>Returns a reference to a Playwright [https://playwright.dev/docs/api/class-locator|Locator].</doc>
<status status="PASS" start="2025-04-29T05:44:06.025608" elapsed="0.005720"/>
</kw>
<kw name="Get Text" owner="Browser">
<msg time="2025-04-29T05:44:06.044442" level="INFO">Text: 'Lista de Compras'</msg>
<msg time="2025-04-29T05:44:06.044638" level="INFO">${texto} = Lista de Compras</msg>
<var>${texto}</var>
<arg>${elemento}</arg>
<tag>Assertion</tag>
<tag>Getter</tag>
<tag>PageContent</tag>
<doc>Returns text attribute of the element found by ``selector``.</doc>
<status status="PASS" start="2025-04-29T05:44:06.031539" elapsed="0.013144"/>
</kw>
<kw name="Should Contain" owner="BuiltIn">
<arg>${texto}</arg>
<arg>${option2}</arg>
<doc>Fails if ``container`` does not contain ``item`` one or more times.</doc>
<status status="PASS" start="2025-04-29T05:44:06.045036" elapsed="0.000428"/>
</kw>
<kw name="Get Element" owner="Browser">
<msg time="2025-04-29T05:44:06.050686" level="INFO">Locator found successfully.</msg>
<msg time="2025-04-29T05:44:06.050989" level="INFO">${elemento} = //a[@data-testid='carrinho']</msg>
<var>${elemento}</var>
<arg>${CARRINHOS_NAVBAR_BUTTON}</arg>
<tag>Getter</tag>
<tag>PageContent</tag>
<doc>Returns a reference to a Playwright [https://playwright.dev/docs/api/class-locator|Locator].</doc>
<status status="PASS" start="2025-04-29T05:44:06.045594" elapsed="0.005446"/>
</kw>
<kw name="Get Text" owner="Browser">
<msg time="2025-04-29T05:44:06.064036" level="INFO">Text: 'Carrinho'</msg>
<msg time="2025-04-29T05:44:06.064192" level="INFO">${texto} = Carrinho</msg>
<var>${texto}</var>
<arg>${elemento}</arg>
<tag>Assertion</tag>
<tag>Getter</tag>
<tag>PageContent</tag>
<doc>Returns text attribute of the element found by ``selector``.</doc>
<status status="PASS" start="2025-04-29T05:44:06.051277" elapsed="0.012945"/>
</kw>
<kw name="Should Contain" owner="BuiltIn">
<arg>${texto}</arg>
<arg>${option3}</arg>
<doc>Fails if ``container`` does not contain ``item`` one or more times.</doc>
<status status="PASS" start="2025-04-29T05:44:06.064419" elapsed="0.000406"/>
</kw>
<kw name="Take Screenshot" owner="Browser">
<msg time="2025-04-29T05:44:06.201685" level="INFO" html="true">&lt;/td&gt;&lt;/tr&gt;&lt;tr&gt;&lt;td colspan="3"&gt;&lt;a href="browser/screenshot/robotframework-browser-screenshot-2.png" target="_blank"&gt;&lt;img src="browser/screenshot/robotframework-browser-screenshot-2.png" width="800px"/&gt;&lt;/a&gt;</msg>
<tag>PageContent</tag>
<doc>Takes a screenshot of the current window or element and saves it to disk.</doc>
<status status="PASS" start="2025-04-29T05:44:06.064959" elapsed="0.136971"/>
</kw>
<status status="PASS" start="2025-04-29T05:44:02.105369" elapsed="4.096728"/>
</kw>
<msg time="2025-04-29T05:44:06.205162" level="INFO">Set timeout to: 10000</msg>
<msg time="2025-04-29T05:44:06.214180" level="INFO">Switching context to context=51d6cdd6-97d9-47aa-afd5-a64c1e30e46f in CURRENT</msg>
<msg time="2025-04-29T05:44:06.227720" level="INFO">Successfully changed active context: context=51d6cdd6-97d9-47aa-afd5-a64c1e30e46f</msg>
<msg time="2025-04-29T05:44:06.260261" level="INFO">Successfully closed Context</msg>
<status status="PASS" start="2025-04-29T05:43:59.502344" elapsed="6.700256"/>
</test>
<status status="PASS" start="2025-04-29T05:43:49.062609" elapsed="17.199323"/>
</suite>
<statistics>
<total>
<stat pass="2" fail="0" skip="0">All Tests</stat>
</total>
<tag>
</tag>
<suite>
<stat name="Navbar" id="s1" pass="2" fail="0" skip="0">Navbar</stat>
</suite>
</statistics>
<errors>
</errors>
</robot>
